#
# A fatal error has been detected by the Java Runtime Environment:
#
#  SIGSEGV (0xb) at pc=0x00007fa1fa644305, pid=9530, tid=0x00007fa1de06c700
#
# JRE version: OpenJDK Runtime Environment (8.0_222-b10) (build 1.8.0_222-8u222-b10-1ubuntu1~18.04.1-b10)
# Java VM: OpenJDK 64-Bit Server VM (25.222-b10 mixed mode linux-amd64 compressed oops)
# Problematic frame:
# V  [libjvm.so+0x784305]
#
# Failed to write core dump. Core dumps have been disabled. To enable core dumping, try "ulimit -c unlimited" before starting Java again
#
# If you would like to submit a bug report, please visit:
#   http://bugreport.java.com/bugreport/crash.jsp
#

---------------  T H R E A D  ---------------

Current thread (0x00007fa1f4079800):  VMThread [stack: 0x00007fa1ddf6d000,0x00007fa1de06d000] [id=9539]

siginfo: si_signo: 11 (SIGSEGV), si_code: 1 (SEGV_MAPERR), si_addr: 0x00000201001a83f0

Registers:
RAX=0x00007fa1fad6e6b0, RBX=0x000000000000010d, RCX=0x0000000000000007, RDX=0x00007fa1df000000
RSP=0x00007fa1de06b600, RBP=0x00007fa1de06b690, RSI=0x00000000000ece9e, RDI=0x00007fa1fae2f300
R8 =0x0000000000000000, R9 =0x0000000000000000, R10=0x00007fa1c00008d0, R11=0x0000000000000000
R12=0x00000201001a8388, R13=0x00007fa1fae2f300, R14=0x00007fa1c00025e0, R15=0x00000001001af858
RIP=0x00007fa1fa644305, EFLAGS=0x0000000000010206, CSGSFS=0x002b000000000033, ERR=0x0000000000000004
  TRAPNO=0x000000000000000e

Top of Stack: (sp=0x00007fa1de06b600)
0x00007fa1de06b600:   00007fa1fad6ebf8 00007fa1de06b630
0x00007fa1de06b610:   0000000000000000 0000000000000000
0x00007fa1de06b620:   01007fa1de06b670 0000000000000860
0x00007fa1de06b630:   0000000000000000 0000000000000000
0x00007fa1de06b640:   0000000000000000 0000000000000000
0x00007fa1de06b650:   0000000000000000 761380df5dc9eb00
0x00007fa1de06b660:   00007fa1de06b690 00007fa1de06b6e8
0x00007fa1de06b670:   0000000000000004 00007fa1de06b760
0x00007fa1de06b680:   0000000000000004 00007fa1de06b780
0x00007fa1de06b690:   00007fa1de06b7e0 00007fa1fa82250b
0x00007fa1de06b6a0:   00007fa1de06b720 00007fa1fae2f420
0x00007fa1de06b6b0:   00007fa1de06b740 00007fa18c9d1ec0
0x00007fa1de06b6c0:   0000000000000000 0000000000000198
0x00007fa1de06b6d0:   000000000000005f 0000000000000001
0x00007fa1de06b6e0:   00007fa1f4077a10 0000000000a80000
0x00007fa1de06b6f0:   00007fa1fad6e730 00007fa1f4076410
0x00007fa1de06b700:   00007fa1fad6e748 00000000000a0e00
0x00007fa1de06b710:   00007fa1f4076410 00007fa1fa720688
0x00007fa1de06b720:   00007fa1fa9f7496 00007fa1de060100
0x00007fa1de06b730:   00007fa1fae2f460 00000000c0c4ffeb
0x00007fa1de06b740:   00007fa1fad6fac0 00007fa100000004
0x00007fa1de06b750:   00007fa1f4075ea0 00007fa100000004
0x00007fa1de06b760:   00007fa1fa9f74ad 00007fa1fb5b0100
0x00007fa1de06b770:   00007fa1fae2f460 00000000c160fd8f
0x00007fa1de06b780:   00007fa1fa9bf45b 0000000000000100
0x00007fa1de06b790:   00007fa1fae2f460 00000000c161a4ce
0x00007fa1de06b7a0:   0000000000000c27 761380df5dc9eb00
0x00007fa1de06b7b0:   00007fa1de06b7c0 00007fa1f4010380
0x00007fa1de06b7c0:   00007fa1f4078a40 00007fa1fae2f080
0x00007fa1de06b7d0:   0000000000000010 00007fa1f4076410
0x00007fa1de06b7e0:   00007fa1de06ba70 00007fa1fa82391e
0x00007fa1de06b7f0:   0000000000000000 00007fa1f401e5a0 

Instructions: (pc=0x00007fa1fa644305)
0x00007fa1fa6442e5:   27 01 00 00 0f 1f 80 00 00 00 00 4d 8b a4 24 80
0x00007fa1fa6442f5:   00 00 00 4d 85 e4 0f 84 0f 01 00 00 49 8b 45 00
0x00007fa1fa644305:   49 8b 74 24 68 4c 89 ef ff 10 84 c0 74 dd 48 81
0x00007fa1fa644315:   fb fe 01 00 00 4d 89 a7 80 00 00 00 0f 84 99 01 

Register to memory mapping:

RAX=0x00007fa1fad6e6b0: <offset 0xeae6b0> in /usr/lib/jvm/java-8-openjdk-amd64/jre/lib/amd64/server/libjvm.so at 0x00007fa1f9ec0000
RBX=0x000000000000010d is an unknown value
RCX=0x0000000000000007 is an unknown value
RDX=0x00007fa1df000000 is an unknown value
RSP=0x00007fa1de06b600 is an unknown value
RBP=0x00007fa1de06b690 is an unknown value
RSI=0x00000000000ece9e is an unknown value
RDI=0x00007fa1fae2f300: <offset 0xf6f300> in /usr/lib/jvm/java-8-openjdk-amd64/jre/lib/amd64/server/libjvm.so at 0x00007fa1f9ec0000
R8 =0x0000000000000000 is an unknown value
R9 =0x0000000000000000 is an unknown value
R10=0x00007fa1c00008d0 is an unknown value
R11=0x0000000000000000 is an unknown value
R12=0x00000201001a8388 is an unknown value
R13=0x00007fa1fae2f300: <offset 0xf6f300> in /usr/lib/jvm/java-8-openjdk-amd64/jre/lib/amd64/server/libjvm.so at 0x00007fa1f9ec0000
R14=0x00007fa1c00025e0 is an unknown value
R15=0x00000001001af858 is pointing into metadata


Stack: [0x00007fa1ddf6d000,0x00007fa1de06d000],  sp=0x00007fa1de06b600,  free space=1017k
Native frames: (J=compiled Java code, j=interpreted, Vv=VM code, C=native code)
V  [libjvm.so+0x784305]
V  [libjvm.so+0x96250b]
V  [libjvm.so+0x96391e]
V  [libjvm.so+0x96422e]
V  [libjvm.so+0x457273]
V  [libjvm.so+0xab9b11]
V  [libjvm.so+0xabf1d6]
V  [libjvm.so+0xabd4d5]
V  [libjvm.so+0xabddad]
V  [libjvm.so+0xabe1b8]
V  [libjvm.so+0x8f0732]

VM_Operation (0x00007fa1d7591140): CollectForMetadataAllocation, mode: safepoint, requested by thread 0x00007fa190008000


---------------  P R O C E S S  ---------------

Java Threads: ( => current thread )
  0x00007fa18c905000 JavaThread "Cache worker for file hash cache (/home/vitor/Documentos/bootcamp/gobarber/mobile/android/.gradle/5.4.1/fileHashes)" [_thread_blocked, id=9563, stack(0x00007fa1d6993000,0x00007fa1d6a94000)]
  0x00007fa18c12e800 JavaThread "Cache worker for journal cache (/home/vitor/.gradle/caches/journal-1)" [_thread_blocked, id=9562, stack(0x00007fa1d6c94000,0x00007fa1d6d95000)]
  0x00007fa18c12c000 JavaThread "File lock request listener" [_thread_in_native, id=9561, stack(0x00007fa1d6d95000,0x00007fa1d6e96000)]
  0x00007fa18c11e800 JavaThread "Cache worker for file hash cache (/home/vitor/.gradle/caches/5.4.1/fileHashes)" [_thread_blocked, id=9560, stack(0x00007fa1d6e96000,0x00007fa1d6f97000)]
  0x00007fa18c011000 JavaThread "Thread-9" [_thread_blocked, id=9559, stack(0x00007fa1d7197000,0x00007fa1d7298000)]
  0x00007fa18c00a000 JavaThread "Stdin handler" [_thread_blocked, id=9558, stack(0x00007fa1d7298000,0x00007fa1d7399000)]
  0x00007fa18c008800 JavaThread "Asynchronous log dispatcher for DefaultDaemonConnection: socket connection from /0:0:0:0:0:0:0:1:37199 to /0:0:0:0:0:0:0:1:52040" [_thread_blocked, id=9557, stack(0x00007fa1d7399000,0x00007fa1d749a000)]
  0x00007fa190008000 JavaThread "Daemon worker" [_thread_blocked, id=9554, stack(0x00007fa1d749a000,0x00007fa1d759b000)]
  0x00007fa190006000 JavaThread "Cancel handler" [_thread_blocked, id=9553, stack(0x00007fa1d759b000,0x00007fa1d769c000)]
  0x00007fa190004000 JavaThread "Handler for socket connection from /0:0:0:0:0:0:0:1:37199 to /0:0:0:0:0:0:0:1:52040" [_thread_in_native, id=9552, stack(0x00007fa1d769c000,0x00007fa1d779d000)]
  0x00007fa198021800 JavaThread "Daemon" [_thread_blocked, id=9551, stack(0x00007fa1d779d000,0x00007fa1d789e000)]
  0x00007fa1f5219000 JavaThread "Daemon periodic checks" [_thread_blocked, id=9550, stack(0x00007fa1d789e000,0x00007fa1d799f000)]
  0x00007fa1f51f7000 JavaThread "Incoming local TCP Connector on port 37199" [_thread_in_native, id=9549, stack(0x00007fa1d79a6000,0x00007fa1d7aa7000)]
  0x00007fa1f517d000 JavaThread "Daemon health stats" [_thread_blocked, id=9548, stack(0x00007fa1d7cac000,0x00007fa1d7dad000)]
  0x00007fa1f40c9000 JavaThread "Service Thread" daemon [_thread_blocked, id=9546, stack(0x00007fa1dce96000,0x00007fa1dcf97000)]
  0x00007fa1f40be000 JavaThread "C1 CompilerThread2" daemon [_thread_blocked, id=9545, stack(0x00007fa1dcf98000,0x00007fa1dd098000)]
  0x00007fa1f40bc000 JavaThread "C2 CompilerThread1" daemon [_thread_blocked, id=9544, stack(0x00007fa1dd099000,0x00007fa1dd199000)]
  0x00007fa1f40b9000 JavaThread "C2 CompilerThread0" daemon [_thread_blocked, id=9543, stack(0x00007fa1dd19a000,0x00007fa1dd29a000)]
  0x00007fa1f40b8000 JavaThread "Signal Dispatcher" daemon [_thread_blocked, id=9542, stack(0x00007fa1dd29a000,0x00007fa1dd39b000)]
  0x00007fa1f4085800 JavaThread "Finalizer" daemon [_thread_blocked, id=9541, stack(0x00007fa1ddd6a000,0x00007fa1dde6b000)]
  0x00007fa1f4083000 JavaThread "Reference Handler" daemon [_thread_blocked, id=9540, stack(0x00007fa1dde6b000,0x00007fa1ddf6c000)]
  0x00007fa1f400b800 JavaThread "main" [_thread_blocked, id=9532, stack(0x00007fa1fbb94000,0x00007fa1fbc94000)]

Other Threads:
=>0x00007fa1f4079800 VMThread [stack: 0x00007fa1ddf6d000,0x00007fa1de06d000] [id=9539]
  0x00007fa1f40cb800 WatcherThread [stack: 0x00007fa1dcd96000,0x00007fa1dce96000] [id=9547]

VM state:at safepoint (normal execution)

VM Mutex/Monitor currently owned by a thread:  ([mutex/lock_event])
[0x00007fa1f4007f80] Threads_lock - owner thread: 0x00007fa1f4079800
[0x00007fa1f4008480] Heap_lock - owner thread: 0x00007fa190008000

heap address: 0x00000000e0000000, size: 512 MB, Compressed Oops mode: 32-bit
Narrow klass base: 0x0000000000000000, Narrow klass shift: 3
Compressed class space size: 1073741824 Address: 0x0000000100000000

Heap:
 PSYoungGen      total 141824K, used 10738K [0x00000000f5580000, 0x0000000100000000, 0x0000000100000000)
  eden space 131072K, 0% used [0x00000000f5580000,0x00000000f5580000,0x00000000fd580000)
  from space 10752K, 99% used [0x00000000fd580000,0x00000000fdffc908,0x00000000fe000000)
  to   space 10752K, 0% used [0x00000000ff580000,0x00000000ff580000,0x0000000100000000)
 ParOldGen       total 175104K, used 643K [0x00000000e0000000, 0x00000000eab00000, 0x00000000f5580000)
  object space 175104K, 0% used [0x00000000e0000000,0x00000000e00a0ef0,0x00000000eab00000)
 Metaspace       used 20610K, capacity 20998K, committed 21248K, reserved 1067008K
  class space    used 2859K, capacity 2997K, committed 3072K, reserved 1048576K

Card table byte_map: [0x00007fa1f802f000,0x00007fa1f8130000] byte_map_base: 0x00007fa1f792f000

Marking Bits: (ParMarkBitMap*) 0x00007fa1fae2f360
 Begin Bits: [0x00007fa1df000000, 0x00007fa1df800000)
 End Bits:   [0x00007fa1df800000, 0x00007fa1e0000000)

Polling page: 0x00007fa1fbcb0000

CodeCache: size=245760Kb used=5288Kb max_used=5288Kb free=240471Kb
 bounds [0x00007fa1e5000000, 0x00007fa1e5530000, 0x00007fa1f4000000]
 total_blobs=1990 nmethods=1587 adapters=317
 compilation: enabled

Compilation events (10 events):
Event: 3,186 Thread 0x00007fa1f40be000 1590       3       org.codehaus.groovy.reflection.CachedMethod::getPT (8 bytes)
Event: 3,187 Thread 0x00007fa1f40be000 nmethod 1590 0x00007fa1e5521090 code [0x00007fa1e5521220, 0x00007fa1e5521608]
Event: 3,187 Thread 0x00007fa1f40be000 1591       3       org.codehaus.groovy.reflection.CachedMethod::getModifiers (8 bytes)
Event: 3,188 Thread 0x00007fa1f40be000 nmethod 1591 0x00007fa1e55290d0 code [0x00007fa1e5529240, 0x00007fa1e5529430]
Event: 3,198 Thread 0x00007fa1f40be000 1592       3       java.util.concurrent.atomic.AtomicInteger::<init> (5 bytes)
Event: 3,198 Thread 0x00007fa1f40be000 nmethod 1592 0x00007fa1e55294d0 code [0x00007fa1e5529640, 0x00007fa1e5529850]
Event: 3,199 Thread 0x00007fa1f40be000 1594  s    3       org.codehaus.groovy.reflection.ParameterTypes::getParametersTypes0 (89 bytes)
Event: 3,201 Thread 0x00007fa1f40be000 nmethod 1594 0x00007fa1e5529950 code [0x00007fa1e5529b80, 0x00007fa1e552ab88]
Event: 3,201 Thread 0x00007fa1f40be000 1595       3       java.util.WeakHashMap::get (77 bytes)
Event: 3,202 Thread 0x00007fa1f40be000 nmethod 1595 0x00007fa1e552b210 code [0x00007fa1e552b400, 0x00007fa1e552bc88]

GC Heap History (7 events):
Event: 1,135 GC heap before
{Heap before GC invocations=1 (full 0):
 PSYoungGen      total 76288K, used 65536K [0x00000000f5580000, 0x00000000faa80000, 0x0000000100000000)
  eden space 65536K, 100% used [0x00000000f5580000,0x00000000f9580000,0x00000000f9580000)
  from space 10752K, 0% used [0x00000000fa000000,0x00000000fa000000,0x00000000faa80000)
  to   space 10752K, 0% used [0x00000000f9580000,0x00000000f9580000,0x00000000fa000000)
 ParOldGen       total 175104K, used 0K [0x00000000e0000000, 0x00000000eab00000, 0x00000000f5580000)
  object space 175104K, 0% used [0x00000000e0000000,0x00000000e0000000,0x00000000eab00000)
 Metaspace       used 8593K, capacity 8886K, committed 9216K, reserved 1056768K
  class space    used 1114K, capacity 1177K, committed 1280K, reserved 1048576K
Event: 1,147 GC heap after
Heap after GC invocations=1 (full 0):
 PSYoungGen      total 76288K, used 6641K [0x00000000f5580000, 0x00000000fea80000, 0x0000000100000000)
  eden space 65536K, 0% used [0x00000000f5580000,0x00000000f5580000,0x00000000f9580000)
  from space 10752K, 61% used [0x00000000f9580000,0x00000000f9bfc530,0x00000000fa000000)
  to   space 10752K, 0% used [0x00000000fe000000,0x00000000fe000000,0x00000000fea80000)
 ParOldGen       total 175104K, used 8K [0x00000000e0000000, 0x00000000eab00000, 0x00000000f5580000)
  object space 175104K, 0% used [0x00000000e0000000,0x00000000e0002000,0x00000000eab00000)
 Metaspace       used 8593K, capacity 8886K, committed 9216K, reserved 1056768K
  class space    used 1114K, capacity 1177K, committed 1280K, reserved 1048576K
}
Event: 2,049 GC heap before
{Heap before GC invocations=2 (full 0):
 PSYoungGen      total 76288K, used 72177K [0x00000000f5580000, 0x00000000fea80000, 0x0000000100000000)
  eden space 65536K, 100% used [0x00000000f5580000,0x00000000f9580000,0x00000000f9580000)
  from space 10752K, 61% used [0x00000000f9580000,0x00000000f9bfc530,0x00000000fa000000)
  to   space 10752K, 0% used [0x00000000fe000000,0x00000000fe000000,0x00000000fea80000)
 ParOldGen       total 175104K, used 8K [0x00000000e0000000, 0x00000000eab00000, 0x00000000f5580000)
  object space 175104K, 0% used [0x00000000e0000000,0x00000000e0002000,0x00000000eab00000)
 Metaspace       used 14647K, capacity 15102K, committed 15360K, reserved 1062912K
  class space    used 2083K, capacity 2227K, committed 2304K, reserved 1048576K
Event: 2,066 GC heap after
Heap after GC invocations=2 (full 0):
 PSYoungGen      total 141824K, used 9785K [0x00000000f5580000, 0x00000000fea80000, 0x0000000100000000)
  eden space 131072K, 0% used [0x00000000f5580000,0x00000000f5580000,0x00000000fd580000)
  from space 10752K, 91% used [0x00000000fe000000,0x00000000fe98e7a8,0x00000000fea80000)
  to   space 10752K, 0% used [0x00000000fd580000,0x00000000fd580000,0x00000000fe000000)
 ParOldGen       total 175104K, used 16K [0x00000000e0000000, 0x00000000eab00000, 0x00000000f5580000)
  object space 175104K, 0% used [0x00000000e0000000,0x00000000e0004000,0x00000000eab00000)
 Metaspace       used 14647K, capacity 15102K, committed 15360K, reserved 1062912K
  class space    used 2083K, capacity 2227K, committed 2304K, reserved 1048576K
}
Event: 3,218 GC heap before
{Heap before GC invocations=3 (full 0):
 PSYoungGen      total 141824K, used 68023K [0x00000000f5580000, 0x00000000fea80000, 0x0000000100000000)
  eden space 131072K, 44% used [0x00000000f5580000,0x00000000f8e5f848,0x00000000fd580000)
  from space 10752K, 91% used [0x00000000fe000000,0x00000000fe98e7a8,0x00000000fea80000)
  to   space 10752K, 0% used [0x00000000fd580000,0x00000000fd580000,0x00000000fe000000)
 ParOldGen       total 175104K, used 16K [0x00000000e0000000, 0x00000000eab00000, 0x00000000f5580000)
  object space 175104K, 0% used [0x00000000e0000000,0x00000000e0004000,0x00000000eab00000)
 Metaspace       used 20610K, capacity 20998K, committed 21248K, reserved 1067008K
  class space    used 2859K, capacity 2997K, committed 3072K, reserved 1048576K
Event: 3,234 GC heap after
Heap after GC invocations=3 (full 0):
 PSYoungGen      total 141824K, used 10738K [0x00000000f5580000, 0x0000000100000000, 0x0000000100000000)
  eden space 131072K, 0% used [0x00000000f5580000,0x00000000f5580000,0x00000000fd580000)
  from space 10752K, 99% used [0x00000000fd580000,0x00000000fdffc908,0x00000000fe000000)
  to   space 10752K, 0% used [0x00000000ff580000,0x00000000ff580000,0x0000000100000000)
 ParOldGen       total 175104K, used 643K [0x00000000e0000000, 0x00000000eab00000, 0x00000000f5580000)
  object space 175104K, 0% used [0x00000000e0000000,0x00000000e00a0ef0,0x00000000eab00000)
 Metaspace       used 20610K, capacity 20998K, committed 21248K, reserved 1067008K
  class space    used 2859K, capacity 2997K, committed 3072K, reserved 1048576K
}
Event: 3,234 GC heap before
{Heap before GC invocations=4 (full 1):
 PSYoungGen      total 141824K, used 10738K [0x00000000f5580000, 0x0000000100000000, 0x0000000100000000)
  eden space 131072K, 0% used [0x00000000f5580000,0x00000000f5580000,0x00000000fd580000)
  from space 10752K, 99% used [0x00000000fd580000,0x00000000fdffc908,0x00000000fe000000)
  to   space 10752K, 0% used [0x00000000ff580000,0x00000000ff580000,0x0000000100000000)
 ParOldGen       total 175104K, used 643K [0x00000000e0000000, 0x00000000eab00000, 0x00000000f5580000)
  object space 175104K, 0% used [0x00000000e0000000,0x00000000e00a0ef0,0x00000000eab00000)
 Metaspace       used 20610K, capacity 20998K, committed 21248K, reserved 1067008K
  class space    used 2859K, capacity 2997K, committed 3072K, reserved 1048576K

Deoptimization events (10 events):
Event: 1,216 Thread 0x00007fa1f400b800 Uncommon trap: reason=bimorphic action=maybe_recompile pc=0x00007fa1e5247a98 method=java.util.HashMap.putVal(ILjava/lang/Object;Ljava/lang/Object;ZZ)Ljava/lang/Object; @ 203
Event: 1,416 Thread 0x00007fa190008000 Uncommon trap: reason=bimorphic action=maybe_recompile pc=0x00007fa1e5247a98 method=java.util.HashMap.putVal(ILjava/lang/Object;Ljava/lang/Object;ZZ)Ljava/lang/Object; @ 203
Event: 1,416 Thread 0x00007fa190008000 Uncommon trap: reason=bimorphic action=maybe_recompile pc=0x00007fa1e5247a98 method=java.util.HashMap.putVal(ILjava/lang/Object;Ljava/lang/Object;ZZ)Ljava/lang/Object; @ 203
Event: 1,416 Thread 0x00007fa190008000 Uncommon trap: reason=bimorphic action=maybe_recompile pc=0x00007fa1e5247a98 method=java.util.HashMap.putVal(ILjava/lang/Object;Ljava/lang/Object;ZZ)Ljava/lang/Object; @ 203
Event: 1,641 Thread 0x00007fa190008000 Uncommon trap: reason=class_check action=maybe_recompile pc=0x00007fa1e52952f0 method=java.util.regex.Matcher.match(II)Z @ 86
Event: 1,659 Thread 0x00007fa190008000 Uncommon trap: reason=class_check action=maybe_recompile pc=0x00007fa1e52952f0 method=java.util.regex.Matcher.match(II)Z @ 86
Event: 1,659 Thread 0x00007fa190008000 Uncommon trap: reason=class_check action=maybe_recompile pc=0x00007fa1e52952f0 method=java.util.regex.Matcher.match(II)Z @ 86
Event: 1,659 Thread 0x00007fa190008000 Uncommon trap: reason=class_check action=maybe_recompile pc=0x00007fa1e516c304 method=java.util.regex.Matcher.match(II)Z @ 86
Event: 1,963 Thread 0x00007fa190008000 Uncommon trap: reason=unstable_if action=reinterpret pc=0x00007fa1e5360e54 method=java.lang.String.lastIndexOf([CII[CIII)I @ 66
Event: 2,566 Thread 0x00007fa190008000 Uncommon trap: reason=unstable_if action=reinterpret pc=0x00007fa1e528f35c method=java.io.File.getName()Ljava/lang/String; @ 16

Classes redefined (0 events):
No events

Internal exceptions (10 events):
Event: 0,492 Thread 0x00007fa1f400b800 Exception <a 'java/lang/ArrayIndexOutOfBoundsException'> (0x00000000f6843930) thrown at [/build/openjdk-8-OqY7zN/openjdk-8-8u222-b10/src/hotspot/src/share/vm/runtime/sharedRuntime.cpp, line 605]
Event: 0,494 Thread 0x00007fa1f400b800 Exception <a 'java/lang/ArrayIndexOutOfBoundsException'> (0x00000000f6865d60) thrown at [/build/openjdk-8-OqY7zN/openjdk-8-8u222-b10/src/hotspot/src/share/vm/runtime/sharedRuntime.cpp, line 605]
Event: 0,495 Thread 0x00007fa1f400b800 Exception <a 'java/lang/ArrayIndexOutOfBoundsException'> (0x00000000f687ca48) thrown at [/build/openjdk-8-OqY7zN/openjdk-8-8u222-b10/src/hotspot/src/share/vm/runtime/sharedRuntime.cpp, line 605]
Event: 0,496 Thread 0x00007fa1f400b800 Exception <a 'java/lang/ArrayIndexOutOfBoundsException'> (0x00000000f6887700) thrown at [/build/openjdk-8-OqY7zN/openjdk-8-8u222-b10/src/hotspot/src/share/vm/runtime/sharedRuntime.cpp, line 605]
Event: 0,496 Thread 0x00007fa1f400b800 Exception <a 'java/lang/ArrayIndexOutOfBoundsException'> (0x00000000f6889840) thrown at [/build/openjdk-8-OqY7zN/openjdk-8-8u222-b10/src/hotspot/src/share/vm/runtime/sharedRuntime.cpp, line 605]
Event: 0,497 Thread 0x00007fa1f400b800 Exception <a 'java/lang/ArrayIndexOutOfBoundsException'> (0x00000000f68983d0) thrown at [/build/openjdk-8-OqY7zN/openjdk-8-8u222-b10/src/hotspot/src/share/vm/runtime/sharedRuntime.cpp, line 605]
Event: 0,498 Thread 0x00007fa1f400b800 Exception <a 'java/lang/ArrayIndexOutOfBoundsException'> (0x00000000f68a66f0) thrown at [/build/openjdk-8-OqY7zN/openjdk-8-8u222-b10/src/hotspot/src/share/vm/runtime/sharedRuntime.cpp, line 605]
Event: 1,058 Thread 0x00007fa1f400b800 Implicit null exception at 0x00007fa1e525d9b4 to 0x00007fa1e525da45
Event: 1,184 Thread 0x00007fa1f400b800 Exception <a 'java/lang/NoSuchFieldError': method resolution failed> (0x00000000f5677a60) thrown at [/build/openjdk-8-OqY7zN/openjdk-8-8u222-b10/src/hotspot/src/share/vm/prims/methodHandles.cpp, line 1167]
Event: 1,186 Thread 0x00007fa1f400b800 Exception <a 'java/lang/NoSuchFieldError': method resolution failed> (0x00000000f5685700) thrown at [/build/openjdk-8-OqY7zN/openjdk-8-8u222-b10/src/hotspot/src/share/vm/prims/methodHandles.cpp, line 1167]

Events (10 events):
Event: 3,214 loading class org/codehaus/groovy/ast/expr/VariableExpression done
Event: 3,215 loading class org/codehaus/groovy/ast/expr/AttributeExpression
Event: 3,215 loading class org/codehaus/groovy/ast/expr/AttributeExpression done
Event: 3,216 loading class org/codehaus/groovy/ast/expr/FieldExpression
Event: 3,216 loading class org/codehaus/groovy/ast/expr/FieldExpression done
Event: 3,216 loading class org/codehaus/groovy/ast/expr/GStringExpression
Event: 3,216 loading class org/codehaus/groovy/ast/expr/GStringExpression done
Event: 3,217 loading class org/codehaus/groovy/ast/expr/ClosureListExpression
Event: 3,217 loading class org/codehaus/groovy/ast/expr/ClosureListExpression done
Event: 3,218 Executing VM operation: CollectForMetadataAllocation


Dynamic libraries:
e0000000-eab00000 rw-p 00000000 00:00 0 
eab00000-f5580000 ---p 00000000 00:00 0 
f5580000-100000000 rw-p 00000000 00:00 0 
100000000-100300000 rw-p 00000000 00:00 0 
100300000-140000000 ---p 00000000 00:00 0 
55855307d000-55855307e000 r-xp 00000000 08:01 3412617                    /usr/lib/jvm/java-8-openjdk-amd64/jre/bin/java
55855327d000-55855327e000 r--p 00000000 08:01 3412617                    /usr/lib/jvm/java-8-openjdk-amd64/jre/bin/java
55855327e000-55855327f000 rw-p 00001000 08:01 3412617                    /usr/lib/jvm/java-8-openjdk-amd64/jre/bin/java
558554fc2000-558554fe3000 rw-p 00000000 00:00 0                          [heap]
7fa168000000-7fa168021000 rw-p 00000000 00:00 0 
7fa168021000-7fa16c000000 ---p 00000000 00:00 0 
7fa170000000-7fa170021000 rw-p 00000000 00:00 0 
7fa170021000-7fa174000000 ---p 00000000 00:00 0 
7fa174000000-7fa174021000 rw-p 00000000 00:00 0 
7fa174021000-7fa178000000 ---p 00000000 00:00 0 
7fa178000000-7fa178021000 rw-p 00000000 00:00 0 
7fa178021000-7fa17c000000 ---p 00000000 00:00 0 
7fa17c000000-7fa17c021000 rw-p 00000000 00:00 0 
7fa17c021000-7fa180000000 ---p 00000000 00:00 0 
7fa180000000-7fa180021000 rw-p 00000000 00:00 0 
7fa180021000-7fa184000000 ---p 00000000 00:00 0 
7fa184000000-7fa184021000 rw-p 00000000 00:00 0 
7fa184021000-7fa188000000 ---p 00000000 00:00 0 
7fa188000000-7fa188021000 rw-p 00000000 00:00 0 
7fa188021000-7fa18c000000 ---p 00000000 00:00 0 
7fa18c000000-7fa18d1fa000 rw-p 00000000 00:00 0 
7fa18d1fa000-7fa190000000 ---p 00000000 00:00 0 
7fa190000000-7fa190021000 rw-p 00000000 00:00 0 
7fa190021000-7fa194000000 ---p 00000000 00:00 0 
7fa194000000-7fa194021000 rw-p 00000000 00:00 0 
7fa194021000-7fa198000000 ---p 00000000 00:00 0 
7fa198000000-7fa19805e000 rw-p 00000000 00:00 0 
7fa19805e000-7fa19c000000 ---p 00000000 00:00 0 
7fa19c000000-7fa19c021000 rw-p 00000000 00:00 0 
7fa19c021000-7fa1a0000000 ---p 00000000 00:00 0 
7fa1a0000000-7fa1a0021000 rw-p 00000000 00:00 0 
7fa1a0021000-7fa1a4000000 ---p 00000000 00:00 0 
7fa1a4000000-7fa1a4021000 rw-p 00000000 00:00 0 
7fa1a4021000-7fa1a8000000 ---p 00000000 00:00 0 
7fa1a8000000-7fa1a8931000 rw-p 00000000 00:00 0 
7fa1a8931000-7fa1ac000000 ---p 00000000 00:00 0 
7fa1ac000000-7fa1ac021000 rw-p 00000000 00:00 0 
7fa1ac021000-7fa1b0000000 ---p 00000000 00:00 0 
7fa1b0000000-7fa1b1c1f000 rw-p 00000000 00:00 0 
7fa1b1c1f000-7fa1b4000000 ---p 00000000 00:00 0 
7fa1b4000000-7fa1b56d7000 rw-p 00000000 00:00 0 
7fa1b56d7000-7fa1b8000000 ---p 00000000 00:00 0 
7fa1b8000000-7fa1b8021000 rw-p 00000000 00:00 0 
7fa1b8021000-7fa1bc000000 ---p 00000000 00:00 0 
7fa1bc000000-7fa1bc021000 rw-p 00000000 00:00 0 
7fa1bc021000-7fa1c0000000 ---p 00000000 00:00 0 
7fa1c0000000-7fa1c0021000 rw-p 00000000 00:00 0 
7fa1c0021000-7fa1c4000000 ---p 00000000 00:00 0 
7fa1c4000000-7fa1c4021000 rw-p 00000000 00:00 0 
7fa1c4021000-7fa1c8000000 ---p 00000000 00:00 0 
7fa1c8000000-7fa1c8021000 rw-p 00000000 00:00 0 
7fa1c8021000-7fa1cc000000 ---p 00000000 00:00 0 
7fa1d0000000-7fa1d0021000 rw-p 00000000 00:00 0 
7fa1d0021000-7fa1d4000000 ---p 00000000 00:00 0 
7fa1d63f2000-7fa1d65f2000 rw-p 00000000 00:00 0 
7fa1d666a000-7fa1d66e3000 r--s 01104000 08:01 3411060                    /usr/lib/jvm/java-8-openjdk-amd64/lib/tools.jar
7fa1d6793000-7fa1d6953000 rw-p 00000000 00:00 0 
7fa1d6953000-7fa1d6993000 ---p 00000000 00:00 0 
7fa1d6993000-7fa1d6996000 ---p 00000000 00:00 0 
7fa1d6996000-7fa1d6c94000 rw-p 00000000 00:00 0 
7fa1d6c94000-7fa1d6c97000 ---p 00000000 00:00 0 
7fa1d6c97000-7fa1d6d95000 rw-p 00000000 00:00 0 
7fa1d6d95000-7fa1d6d98000 ---p 00000000 00:00 0 
7fa1d6d98000-7fa1d6e96000 rw-p 00000000 00:00 0 
7fa1d6e96000-7fa1d6e99000 ---p 00000000 00:00 0 
7fa1d6e99000-7fa1d7197000 rw-p 00000000 00:00 0 
7fa1d7197000-7fa1d719a000 ---p 00000000 00:00 0 
7fa1d719a000-7fa1d7298000 rw-p 00000000 00:00 0 
7fa1d7298000-7fa1d729b000 ---p 00000000 00:00 0 
7fa1d729b000-7fa1d7399000 rw-p 00000000 00:00 0 
7fa1d7399000-7fa1d739c000 ---p 00000000 00:00 0 
7fa1d739c000-7fa1d749a000 rw-p 00000000 00:00 0 
7fa1d749a000-7fa1d749d000 ---p 00000000 00:00 0 
7fa1d749d000-7fa1d759b000 rw-p 00000000 00:00 0 
7fa1d759b000-7fa1d759e000 ---p 00000000 00:00 0 
7fa1d759e000-7fa1d769c000 rw-p 00000000 00:00 0 
7fa1d769c000-7fa1d769f000 ---p 00000000 00:00 0 
7fa1d769f000-7fa1d779d000 rw-p 00000000 00:00 0 
7fa1d779d000-7fa1d77a0000 ---p 00000000 00:00 0 
7fa1d77a0000-7fa1d789e000 rw-p 00000000 00:00 0 
7fa1d789e000-7fa1d78a1000 ---p 00000000 00:00 0 
7fa1d78a1000-7fa1d799f000 rw-p 00000000 00:00 0 
7fa1d799f000-7fa1d79a6000 r--s 00000000 08:01 3410722                    /usr/lib/x86_64-linux-gnu/gconv/gconv-modules.cache
7fa1d79a6000-7fa1d79a9000 ---p 00000000 00:00 0 
7fa1d79a9000-7fa1d7aa7000 rw-p 00000000 00:00 0 
7fa1d7aa7000-7fa1d7aac000 r--s 000a3000 08:01 3412692                    /usr/lib/jvm/java-8-openjdk-amd64/jre/lib/jsse.jar
7fa1d7aac000-7fa1d7cac000 rw-p 00000000 00:00 0 
7fa1d7cac000-7fa1d7caf000 ---p 00000000 00:00 0 
7fa1d7caf000-7fa1d7dad000 rw-p 00000000 00:00 0 
7fa1d7dad000-7fa1d7db6000 r-xp 00000000 08:01 3412650                    /usr/lib/jvm/java-8-openjdk-amd64/jre/lib/amd64/libmanagement.so
7fa1d7db6000-7fa1d7fb5000 ---p 00009000 08:01 3412650                    /usr/lib/jvm/java-8-openjdk-amd64/jre/lib/amd64/libmanagement.so
7fa1d7fb5000-7fa1d7fb6000 r--p 00008000 08:01 3412650                    /usr/lib/jvm/java-8-openjdk-amd64/jre/lib/amd64/libmanagement.so
7fa1d7fb6000-7fa1d7fb7000 rw-p 00009000 08:01 3412650                    /usr/lib/jvm/java-8-openjdk-amd64/jre/lib/amd64/libmanagement.so
7fa1d7fb7000-7fa1d7fb9000 r--s 0000f000 08:01 5778489                    /home/vitor/.gradle/wrapper/dists/gradle-5.4.1-all/3221gyojl5jsh0helicew7rwx/gradle-5.4.1/lib/plugins/gradle-tooling-api-builders-5.4.1.jar
7fa1d7fb9000-7fa1d7fba000 r--s 00005000 08:01 5778510                    /home/vitor/.gradle/wrapper/dists/gradle-5.4.1-all/3221gyojl5jsh0helicew7rwx/gradle-5.4.1/lib/plugins/gradle-build-profile-5.4.1.jar
7fa1d7fba000-7fa1d7fbc000 r--s 00003000 08:01 5778469                    /home/vitor/.gradle/wrapper/dists/gradle-5.4.1-all/3221gyojl5jsh0helicew7rwx/gradle-5.4.1/lib/plugins/gradle-tooling-native-5.4.1.jar
7fa1d7fbc000-7fa1d7fc0000 r--s 00017000 08:01 5778471                    /home/vitor/.gradle/wrapper/dists/gradle-5.4.1-all/3221gyojl5jsh0helicew7rwx/gradle-5.4.1/lib/plugins/gradle-testing-native-5.4.1.jar
7fa1d7fc0000-7fa1d7fc2000 r--s 0000f000 08:01 5778567                    /home/vitor/.gradle/wrapper/dists/gradle-5.4.1-all/3221gyojl5jsh0helicew7rwx/gradle-5.4.1/lib/plugins/jcommander-1.72.jar
7fa1d7fc2000-7fa1d7fcb000 r--s 00089000 08:01 5778543                    /home/vitor/.gradle/wrapper/dists/gradle-5.4.1-all/3221gyojl5jsh0helicew7rwx/gradle-5.4.1/lib/plugins/testng-6.3.1.jar
7fa1d7fcb000-7fa1d7fd0000 r--s 0005a000 08:01 5778547                    /home/vitor/.gradle/wrapper/dists/gradle-5.4.1-all/3221gyojl5jsh0helicew7rwx/gradle-5.4.1/lib/plugins/bsh-2.0b6.jar
7fa1d7fd0000-7fa1d7fd4000 r--s 0001c000 08:01 5778490                    /home/vitor/.gradle/wrapper/dists/gradle-5.4.1-all/3221gyojl5jsh0helicew7rwx/gradle-5.4.1/lib/plugins/gradle-testing-jvm-5.4.1.jar
7fa1d7fd4000-7fa1d7fd7000 r--s 00011000 08:01 5778585                    /home/vitor/.gradle/wrapper/dists/gradle-5.4.1-all/3221gyojl5jsh0helicew7rwx/gradle-5.4.1/lib/plugins/junit-platform-commons-1.3.1.jar
7fa1d7fd7000-7fa1d7fd8000 r--s 00001000 08:01 5778587                    /home/vitor/.gradle/wrapper/dists/gradle-5.4.1-all/3221gyojl5jsh0helicew7rwx/gradle-5.4.1/lib/plugins/opentest4j-1.1.1.jar
7fa1d7fd8000-7fa1d7fdc000 r--s 0001d000 08:01 5778584                    /home/vitor/.gradle/wrapper/dists/gradle-5.4.1-all/3221gyojl5jsh0helicew7rwx/gradle-5.4.1/lib/plugins/junit-platform-engine-1.3.1.jar
7fa1d7fdc000-7fa1d7fdd000 r--s 00000000 08:01 5778586                    /home/vitor/.gradle/wrapper/dists/gradle-5.4.1-all/3221gyojl5jsh0helicew7rwx/gradle-5.4.1/lib/plugins/apiguardian-api-1.0.0.jar
7fa1d7fdd000-7fa1d7fe0000 r--s 00015000 08:01 5778548                    /home/vitor/.gradle/wrapper/dists/gradle-5.4.1-all/3221gyojl5jsh0helicew7rwx/gradle-5.4.1/lib/plugins/junit-platform-launcher-1.3.1.jar
7fa1d7fe0000-7fa1d7fe2000 r--s 00009000 08:01 5778565                    /home/vitor/.gradle/wrapper/dists/gradle-5.4.1-all/3221gyojl5jsh0helicew7rwx/gradle-5.4.1/lib/plugins/hamcrest-core-1.3.jar
7fa1d7fe2000-7fa1d7fea000 r--s 00045000 08:01 5778546                    /home/vitor/.gradle/wrapper/dists/gradle-5.4.1-all/3221gyojl5jsh0helicew7rwx/gradle-5.4.1/lib/plugins/junit-4.12.jar
7fa1d7fea000-7fa1d7feb000 r--s 00003000 08:01 5778488                    /home/vitor/.gradle/wrapper/dists/gradle-5.4.1-all/3221gyojl5jsh0helicew7rwx/gradle-5.4.1/lib/plugins/gradle-testing-junit-platform-5.4.1.jar
7fa1d7feb000-7fa1d7ff3000 r--s 00034000 08:01 5778498                    /home/vitor/.gradle/wrapper/dists/gradle-5.4.1-all/3221gyojl5jsh0helicew7rwx/gradle-5.4.1/lib/plugins/gradle-testing-base-5.4.1.jar
7fa1d7ff3000-7fa1d7ffb000 r--s 00048000 08:01 5778537                    /home/vitor/.gradle/wrapper/dists/gradle-5.4.1-all/3221gyojl5jsh0helicew7rwx/gradle-5.4.1/lib/plugins/bcpg-jdk15on-1.61.jar
7fa1d7ffb000-7fa1d7ffd000 r--s 0000f000 08:01 5778468                    /home/vitor/.gradle/wrapper/dists/gradle-5.4.1-all/3221gyojl5jsh0helicew7rwx/gradle-5.4.1/lib/plugins/gradle-signing-5.4.1.jar
7fa1d7ffd000-7fa1d7fff000 r--s 00009000 08:01 5778477                    /home/vitor/.gradle/wrapper/dists/gradle-5.4.1-all/3221gyojl5jsh0helicew7rwx/gradle-5.4.1/lib/plugins/gradle-scala-5.4.1.jar
7fa1d7fff000-7fa1d8000000 r--s 00004000 08:01 5778509                    /home/vitor/.gradle/wrapper/dists/gradle-5.4.1-all/3221gyojl5jsh0helicew7rwx/gradle-5.4.1/lib/plugins/gradle-resources-sftp-5.4.1.jar
7fa1d8000000-7fa1d8021000 rw-p 00000000 00:00 0 
7fa1d8021000-7fa1dc000000 ---p 00000000 00:00 0 
7fa1dc000000-7fa1dc009000 r--s 0005b000 08:01 5778515                    /home/vitor/.gradle/wrapper/dists/gradle-5.4.1-all/3221gyojl5jsh0helicew7rwx/gradle-5.4.1/lib/plugins/aws-java-sdk-kms-1.11.407.jar
7fa1dc009000-7fa1dc00b000 r--s 00005000 08:01 5778554                    /home/vitor/.gradle/wrapper/dists/gradle-5.4.1-all/3221gyojl5jsh0helicew7rwx/gradle-5.4.1/lib/plugins/jmespath-java-1.11.407.jar
7fa1dc00b000-7fa1dc01e000 r--s 000ca000 08:01 5778514                    /home/vitor/.gradle/wrapper/dists/gradle-5.4.1-all/3221gyojl5jsh0helicew7rwx/gradle-5.4.1/lib/plugins/aws-java-sdk-s3-1.11.407.jar
7fa1dc01e000-7fa1dc028000 r--s 00081000 08:01 5778583                    /home/vitor/.gradle/wrapper/dists/gradle-5.4.1-all/3221gyojl5jsh0helicew7rwx/gradle-5.4.1/lib/plugins/ion-java-1.0.2.jar
7fa1dc028000-7fa1dc03e000 r--s 000ca000 08:01 5778516                    /home/vitor/.gradle/wrapper/dists/gradle-5.4.1-all/3221gyojl5jsh0helicew7rwx/gradle-5.4.1/lib/plugins/aws-java-sdk-core-1.11.407.jar
7fa1dc03e000-7fa1dc040000 r--s 00004000 08:01 5778505                    /home/vitor/.gradle/wrapper/dists/gradle-5.4.1-all/3221gyojl5jsh0helicew7rwx/gradle-5.4.1/lib/plugins/gradle-resources-s3-5.4.1.jar
7fa1dc040000-7fa1dc051000 r--s 0008c000 08:01 5778558                    /home/vitor/.gradle/wrapper/dists/gradle-5.4.1-all/3221gyojl5jsh0helicew7rwx/gradle-5.4.1/lib/plugins/joda-time-2.10.jar
7fa1dc051000-7fa1dc063000 r--s 00137000 08:01 5778555                    /home/vitor/.gradle/wrapper/dists/gradle-5.4.1-all/3221gyojl5jsh0helicew7rwx/gradle-5.4.1/lib/plugins/jackson-databind-2.9.8.jar
7fa1dc063000-7fa1dc066000 r--s 0000e000 08:01 5778557                    /home/vitor/.gradle/wrapper/dists/gradle-5.4.1-all/3221gyojl5jsh0helicew7rwx/gradle-5.4.1/lib/plugins/jackson-annotations-2.9.8.jar
7fa1dc066000-7fa1dc06a000 r--s 0004c000 08:01 5778556                    /home/vitor/.gradle/wrapper/dists/gradle-5.4.1-all/3221gyojl5jsh0helicew7rwx/gradle-5.4.1/lib/plugins/jackson-core-2.9.8.jar
7fa1dc06a000-7fa1dc06b000 r--s 00001000 08:01 5778523                    /home/vitor/.gradle/wrapper/dists/gradle-5.4.1-all/3221gyojl5jsh0helicew7rwx/gradle-5.4.1/lib/plugins/google-http-client-jackson2-1.25.0.jar
7fa1dc06b000-7fa1dc075000 r--s 00056000 08:01 5778524                    /home/vitor/.gradle/wrapper/dists/gradle-5.4.1-all/3221gyojl5jsh0helicew7rwx/gradle-5.4.1/lib/plugins/google-http-client-1.25.0.jar
7fa1dc075000-7fa1dc078000 r--s 0000d000 08:01 5778522                    /home/vitor/.gradle/wrapper/dists/gradle-5.4.1-all/3221gyojl5jsh0helicew7rwx/gradle-5.4.1/lib/plugins/google-oauth-client-1.25.0.jar
7fa1dc078000-7fa1dc07d000 r--s 0002d000 08:01 5778521                    /home/vitor/.gradle/wrapper/dists/gradle-5.4.1-all/3221gyojl5jsh0helicew7rwx/gradle-5.4.1/lib/plugins/google-api-client-1.25.0.jar
7fa1dc07d000-7fa1dc081000 r--s 0001d000 08:01 5778520                    /home/vitor/.gradle/wrapper/dists/gradle-5.4.1-all/3221gyojl5jsh0helicew7rwx/gradle-5.4.1/lib/plugins/google-api-services-storage-v1-rev136-1.25.0.jar
7fa1dc081000-7fa1dc083000 r--s 00003000 08:01 5778506                    /home/vitor/.gradle/wrapper/dists/gradle-5.4.1-all/3221gyojl5jsh0helicew7rwx/gradle-5.4.1/lib/plugins/gradle-resources-gcs-5.4.1.jar
7fa1dc083000-7fa1dc085000 r--s 00010000 08:01 5778504                    /home/vitor/.gradle/wrapper/dists/gradle-5.4.1-all/3221gyojl5jsh0helicew7rwx/gradle-5.4.1/lib/plugins/gradle-reporting-5.4.1.jar
7fa1dc085000-7fa1dc087000 r--s 00008000 08:01 5778497                    /home/vitor/.gradle/wrapper/dists/gradle-5.4.1-all/3221gyojl5jsh0helicew7rwx/gradle-5.4.1/lib/plugins/gradle-publish-5.4.1.jar
7fa1dc087000-7fa1dc08f000 r--s 00046000 08:01 5778485                    /home/vitor/.gradle/wrapper/dists/gradle-5.4.1-all/3221gyojl5jsh0helicew7rwx/gradle-5.4.1/lib/plugins/gradle-plugins-5.4.1.jar
7fa1dc08f000-7fa1dc091000 r--s 0000c000 08:01 5778473                    /home/vitor/.gradle/wrapper/dists/gradle-5.4.1-all/3221gyojl5jsh0helicew7rwx/gradle-5.4.1/lib/plugins/gradle-plugin-development-5.4.1.jar
7fa1dc091000-7fa1dc097000 r--s 00030000 08:01 5778480                    /home/vitor/.gradle/wrapper/dists/gradle-5.4.1-all/3221gyojl5jsh0helicew7rwx/gradle-5.4.1/lib/plugins/gradle-platform-play-5.4.1.jar
7fa1dc097000-7fa1dc09d000 r--s 0003d000 08:01 5778544                    /home/vitor/.gradle/wrapper/dists/gradle-5.4.1-all/3221gyojl5jsh0helicew7rwx/gradle-5.4.1/lib/plugins/snakeyaml-1.17.jar
7fa1dc09d000-7fa1dc0af000 r--s 00078000 08:01 5778495                    /home/vitor/.gradle/wrapper/dists/gradle-5.4.1-all/3221gyojl5jsh0helicew7rwx/gradle-5.4.1/lib/plugins/gradle-platform-native-5.4.1.jar
7fa1dc0af000-7fa1dc0b3000 r--s 0001b000 08:01 5778494                    /home/vitor/.gradle/wrapper/dists/gradle-5.4.1-all/3221gyojl5jsh0helicew7rwx/gradle-5.4.1/lib/plugins/gradle-platform-jvm-5.4.1.jar
7fa1dc0b3000-7fa1dc0ba000 r--s 0002a000 08:01 5778499                    /home/vitor/.gradle/wrapper/dists/gradle-5.4.1-all/3221gyojl5jsh0helicew7rwx/gradle-5.4.1/lib/plugins/gradle-platform-base-5.4.1.jar
7fa1dc0ba000-7fa1dc0e7000 r--s 0025e000 08:01 5778528                    /home/vitor/.gradle/wrapper/dists/gradle-5.4.1-all/3221gyojl5jsh0helicew7rwx/gradle-5.4.1/lib/plugins/biz.aQute.bndlib-4.0.0.jar
7fa1dc0e7000-7fa1dc0e8000 r--s 00004000 08:01 5778467                    /home/vitor/.gradle/wrapper/dists/gradle-5.4.1-all/3221gyojl5jsh0helicew7rwx/gradle-5.4.1/lib/plugins/gradle-osgi-5.4.1.jar
7fa1dc0e8000-7fa1dc0eb000 r--s 0000c000 08:01 5778533                    /home/vitor/.gradle/wrapper/dists/gradle-5.4.1-all/3221gyojl5jsh0helicew7rwx/gradle-5.4.1/lib/plugins/pmaven-groovy-0.8-20100325.jar
7fa1dc0eb000-7fa1dc0ec000 r--s 00004000 08:01 5778532                    /home/vitor/.gradle/wrapper/dists/gradle-5.4.1-all/3221gyojl5jsh0helicew7rwx/gradle-5.4.1/lib/plugins/pmaven-common-0.8-20100325.jar
7fa1dc0ec000-7fa1dc0ed000 r--s 00008000 08:01 5778519                    /home/vitor/.gradle/wrapper/dists/gradle-5.4.1-all/3221gyojl5jsh0helicew7rwx/gradle-5.4.1/lib/plugins/wagon-http-shared-3.0.0.jar
7fa1dc0ed000-7fa1dc0ee000 r--s 00002000 08:01 5778518                    /home/vitor/.gradle/wrapper/dists/gradle-5.4.1-all/3221gyojl5jsh0helicew7rwx/gradle-5.4.1/lib/plugins/wagon-http-3.0.0.jar
7fa1dc0ee000-7fa1dc0ef000 r--s 00002000 08:01 5778534                    /home/vitor/.gradle/wrapper/dists/gradle-5.4.1-all/3221gyojl5jsh0helicew7rwx/gradle-5.4.1/lib/plugins/wagon-file-3.0.0.jar
7fa1dc0ef000-7fa1dc0f1000 r--s 00006000 08:01 5778536                    /home/vitor/.gradle/wrapper/dists/gradle-5.4.1-all/3221gyojl5jsh0helicew7rwx/gradle-5.4.1/lib/plugins/aether-connector-wagon-1.13.1.jar
7fa1dc0f1000-7fa1dc0f8000 r--s 00031000 08:01 5778474                    /home/vitor/.gradle/wrapper/dists/gradle-5.4.1-all/3221gyojl5jsh0helicew7rwx/gradle-5.4.1/lib/plugins/gradle-maven-5.4.1.jar
7fa1dc0f8000-7fa1dc0fa000 r--s 0000c000 08:01 5778487                    /home/vitor/.gradle/wrapper/dists/gradle-5.4.1-all/3221gyojl5jsh0helicew7rwx/gradle-5.4.1/lib/plugins/gradle-language-scala-5.4.1.jar
7fa1dc0fa000-7fa1dc105000 r--s 00054000 08:01 5778472                    /home/vitor/.gradle/wrapper/dists/gradle-5.4.1-all/3221gyojl5jsh0helicew7rwx/gradle-5.4.1/lib/plugins/gradle-language-native-5.4.1.jar
7fa1dc105000-7fa1dc107000 r--s 00005000 08:01 5778493                    /home/vitor/.gradle/wrapper/dists/gradle-5.4.1-all/3221gyojl5jsh0helicew7rwx/gradle-5.4.1/lib/plugins/gradle-language-jvm-5.4.1.jar
7fa1dc107000-7fa1dc110000 r--s 00042000 08:01 5778491                    /home/vitor/.gradle/wrapper/dists/gradle-5.4.1-all/3221gyojl5jsh0helicew7rwx/gradle-5.4.1/lib/plugins/gradle-language-java-5.4.1.jar
7fa1dc110000-7fa1dc112000 r--s 0000b000 08:01 5778486                    /home/vitor/.gradle/wrapper/dists/gradle-5.4.1-all/3221gyojl5jsh0helicew7rwx/gradle-5.4.1/lib/plugins/gradle-language-groovy-5.4.1.jar
7fa1dc112000-7fa1dc119000 r--s 00035000 08:01 5778540                    /home/vitor/.gradle/wrapper/dists/gradle-5.4.1-all/3221gyojl5jsh0helicew7rwx/gradle-5.4.1/lib/plugins/simple-4.1.21.jar
7fa1dc119000-7fa1dc126000 r--s 00125000 08:01 5778538                    /home/vitor/.gradle/wrapper/dists/gradle-5.4.1-all/3221gyojl5jsh0helicew7rwx/gradle-5.4.1/lib/plugins/rhino-1.7.10.jar
7fa1dc126000-7fa1dc12a000 r--s 00012000 08:01 5778481                    /home/vitor/.gradle/wrapper/dists/gradle-5.4.1-all/3221gyojl5jsh0helicew7rwx/gradle-5.4.1/lib/plugins/gradle-javascript-5.4.1.jar
7fa1dc12a000-7fa1dc12e000 r--s 00011000 08:01 5778483                    /home/vitor/.gradle/wrapper/dists/gradle-5.4.1-all/3221gyojl5jsh0helicew7rwx/gradle-5.4.1/lib/plugins/gradle-jacoco-5.4.1.jar
7fa1dc12e000-7fa1dc132000 r--s 00015000 08:01 5778482                    /home/vitor/.gradle/wrapper/dists/gradle-5.4.1-all/3221gyojl5jsh0helicew7rwx/gradle-5.4.1/lib/plugins/gradle-ivy-5.4.1.jar
7fa1dc132000-7fa1dc134000 r--s 00002000 08:01 5778475                    /home/vitor/.gradle/wrapper/dists/gradle-5.4.1-all/3221gyojl5jsh0helicew7rwx/gradle-5.4.1/lib/plugins/gradle-ide-play-5.4.1.jar
7fa1dc134000-7fa1dc136000 r--s 00011000 08:01 5778545                    /home/vitor/.gradle/wrapper/dists/gradle-5.4.1-all/3221gyojl5jsh0helicew7rwx/gradle-5.4.1/lib/plugins/dd-plist-1.21.jar
7fa1dc136000-7fa1dc13d000 r--s 00034000 08:01 5778470                    /home/vitor/.gradle/wrapper/dists/gradle-5.4.1-all/3221gyojl5jsh0helicew7rwx/gradle-5.4.1/lib/plugins/gradle-ide-native-5.4.1.jar
7fa1dc13d000-7fa1dc147000 r--s 0005f000 08:01 5778476                    /home/vitor/.gradle/wrapper/dists/gradle-5.4.1-all/3221gyojl5jsh0helicew7rwx/gradle-5.4.1/lib/plugins/gradle-ide-5.4.1.jar
7fa1dc147000-7fa1dc149000 r--s 00008000 08:01 5778479                    /home/vitor/.gradle/wrapper/dists/gradle-5.4.1-all/3221gyojl5jsh0helicew7rwx/gradle-5.4.1/lib/plugins/gradle-ear-5.4.1.jar
7fa1dc149000-7fa1dc14b000 r--s 00006000 08:01 5778541                    /home/vitor/.gradle/wrapper/dists/gradle-5.4.1-all/3221gyojl5jsh0helicew7rwx/gradle-5.4.1/lib/plugins/jatl-0.2.3.jar
7fa1dc14b000-7fa1dc151000 r--s 0003e000 08:01 5778496                    /home/vitor/.gradle/wrapper/dists/gradle-5.4.1-all/3221gyojl5jsh0helicew7rwx/gradle-5.4.1/lib/plugins/gradle-diagnostics-5.4.1.jar
7fa1dc151000-7fa1dc156000 r--s 00028000 08:01 5778466                    /home/vitor/.gradle/wrapper/dists/gradle-5.4.1-all/3221gyojl5jsh0helicew7rwx/gradle-5.4.1/lib/plugins/gradle-code-quality-5.4.1.jar
7fa1dc156000-7fa1dc158000 r--s 0000b000 08:01 5778542                    /home/vitor/.gradle/wrapper/dists/gradle-5.4.1-all/3221gyojl5jsh0helicew7rwx/gradle-5.4.1/lib/plugins/maven-plugin-api-3.0.4.jar
7fa1dc158000-7fa1dc15a000 r--s 0000c000 08:01 5778580                    /home/vitor/.gradle/wrapper/dists/gradle-5.4.1-all/3221gyojl5jsh0helicew7rwx/gradle-5.4.1/lib/plugins/wagon-provider-api-3.0.0.jar
7fa1dc15a000-7fa1dc160000 r--s 0003f000 08:01 5778530                    /home/vitor/.gradle/wrapper/dists/gradle-5.4.1-all/3221gyojl5jsh0helicew7rwx/gradle-5.4.1/lib/plugins/maven-compat-3.0.4.jar
7fa1dc160000-7fa1dc163000 r--s 0000a000 08:01 5778577                    /home/vitor/.gradle/wrapper/dists/gradle-5.4.1-all/3221gyojl5jsh0helicew7rwx/gradle-5.4.1/lib/plugins/plexus-classworlds-2.5.1.jar
7fa1dc163000-7fa1dc167000 r--s 00021000 08:01 5778582                    /home/vitor/.gradle/wrapper/dists/gradle-5.4.1-all/3221gyojl5jsh0helicew7rwx/gradle-5.4.1/lib/plugins/xbean-reflect-3.7.jar
7fa1dc167000-7fa1dc16e000 r--s 00032000 08:01 5778535                    /home/vitor/.gradle/wrapper/dists/gradle-5.4.1-all/3221gyojl5jsh0helicew7rwx/gradle-5.4.1/lib/plugins/plexus-container-default-1.7.1.jar
7fa1dc16e000-7fa1dc174000 r--s 00031000 08:01 5778484                    /home/vitor/.gradle/wrapper/dists/gradle-5.4.1-all/3221gyojl5jsh0helicew7rwx/gradle-5.4.1/lib/plugins/gradle-build-init-5.4.1.jar
7fa1dc174000-7fa1dc17a000 r--s 0002e000 08:01 5778478                    /home/vitor/.gradle/wrapper/dists/gradle-5.4.1-all/3221gyojl5jsh0helicew7rwx/gradle-5.4.1/lib/plugins/gradle-build-comparison-5.4.1.jar
7fa1dc17a000-7fa1dc17c000 r--s 00002000 08:01 5778507                    /home/vitor/.gradle/wrapper/dists/gradle-5.4.1-all/3221gyojl5jsh0helicew7rwx/gradle-5.4.1/lib/plugins/gradle-build-cache-http-5.4.1.jar
7fa1dc17c000-7fa1dc17e000 r--s 00009000 08:01 5778465                    /home/vitor/.gradle/wrapper/dists/gradle-5.4.1-all/3221gyojl5jsh0helicew7rwx/gradle-5.4.1/lib/plugins/gradle-antlr-5.4.1.jar
7fa1dc17e000-7fa1dc17f000 r--s 00005000 08:01 5778464                    /home/vitor/.gradle/wrapper/dists/gradle-5.4.1-all/3221gyojl5jsh0helicew7rwx/gradle-5.4.1/lib/plugins/gradle-announce-5.4.1.jar
7fa1dc17f000-7fa1dc182000 r--s 00017000 08:01 5778512                    /home/vitor/.gradle/wrapper/dists/gradle-5.4.1-all/3221gyojl5jsh0helicew7rwx/gradle-5.4.1/lib/plugins/gradle-kotlin-dsl-tooling-builders-5.4.1.jar
7fa1dc182000-7fa1dc188000 r--s 00029000 08:01 5778511                    /home/vitor/.gradle/wrapper/dists/gradle-5.4.1-all/3221gyojl5jsh0helicew7rwx/gradle-5.4.1/lib/plugins/gradle-kotlin-dsl-provider-plugins-5.4.1.jar
7fa1dc188000-7fa1dc189000 r--s 00000000 08:01 5778386                    /home/vitor/.gradle/wrapper/dists/gradle-5.4.1-all/3221gyojl5jsh0helicew7rwx/gradle-5.4.1/lib/gradle-runtime-api-info-5.4.1.jar
7fa1dc189000-7fa1dc18e000 r--s 00040000 08:01 5778552                    /home/vitor/.gradle/wrapper/dists/gradle-5.4.1-all/3221gyojl5jsh0helicew7rwx/gradle-5.4.1/lib/plugins/jsch-0.1.54.jar
7fa1dc18e000-7fa1dc190000 r--s 00010000 08:01 5778568                    /home/vitor/.gradle/wrapper/dists/gradle-5.4.1-all/3221gyojl5jsh0helicew7rwx/gradle-5.4.1/lib/plugins/jzlib-1.1.3.jar
7fa1dc190000-7fa1dc1b5000 r--s 00265000 08:01 5778517                    /home/vitor/.gradle/wrapper/dists/gradle-5.4.1-all/3221gyojl5jsh0helicew7rwx/gradle-5.4.1/lib/plugins/org.eclipse.jgit-5.0.3.201809091024-r.jar
7fa1dc1b5000-7fa1dc1b8000 r--s 0000c000 08:01 5778501                    /home/vitor/.gradle/wrapper/dists/gradle-5.4.1-all/3221gyojl5jsh0helicew7rwx/gradle-5.4.1/lib/plugins/gradle-version-control-5.4.1.jar
7fa1dc1b8000-7fa1dc1d1000 r--s 0013a000 08:01 5778551                    /home/vitor/.gradle/wrapper/dists/gradle-5.4.1-all/3221gyojl5jsh0helicew7rwx/gradle-5.4.1/lib/plugins/xercesImpl-2.12.0.jar
7fa1dc1d1000-7fa1dc1d3000 r--s 0001d000 08:01 5778550                    /home/vitor/.gradle/wrapper/dists/gradle-5.4.1-all/3221gyojl5jsh0helicew7rwx/gradle-5.4.1/lib/plugins/nekohtml-1.9.22.jar
7fa1dc1d3000-7fa1dc1d9000 r--s 0005b000 08:01 5778549                    /home/vitor/.gradle/wrapper/dists/gradle-5.4.1-all/3221gyojl5jsh0helicew7rwx/gradle-5.4.1/lib/plugins/jcifs-1.3.17.jar
7fa1dc1d9000-7fa1dc1e0000 r--s 0004b000 08:01 5778526                    /home/vitor/.gradle/wrapper/dists/gradle-5.4.1-all/3221gyojl5jsh0helicew7rwx/gradle-5.4.1/lib/plugins/commons-codec-1.11.jar
7fa1dc1e0000-7fa1dc1e7000 r--s 00049000 08:01 5778566                    /home/vitor/.gradle/wrapper/dists/gradle-5.4.1-all/3221gyojl5jsh0helicew7rwx/gradle-5.4.1/lib/plugins/httpcore-4.4.10.jar
7fa1dc1e7000-7fa1dc1f4000 r--s 000af000 08:01 5778525                    /home/vitor/.gradle/wrapper/dists/gradle-5.4.1-all/3221gyojl5jsh0helicew7rwx/gradle-5.4.1/lib/plugins/httpclient-4.5.6.jar
7fa1dc1f4000-7fa1dc1f7000 r--s 0000e000 08:01 5778508                    /home/vitor/.gradle/wrapper/dists/gradle-5.4.1-all/3221gyojl5jsh0helicew7rwx/gradle-5.4.1/lib/plugins/gradle-resources-http-5.4.1.jar
7fa1dc1f7000-7fa1dc1fa000 r--s 0000c000 08:01 5778500                    /home/vitor/.gradle/wrapper/dists/gradle-5.4.1-all/3221gyojl5jsh0helicew7rwx/gradle-5.4.1/lib/plugins/gradle-plugin-use-5.4.1.jar
7fa1dc1fa000-7fa1dc1fd000 r--s 0000d000 08:01 5778503                    /home/vitor/.gradle/wrapper/dists/gradle-5.4.1-all/3221gyojl5jsh0helicew7rwx/gradle-5.4.1/lib/plugins/gradle-composite-builds-5.4.1.jar
7fa1dc1fd000-7fa1dc1fe000 r--s 00000000 08:01 5778389                    /home/vitor/.gradle/wrapper/dists/gradle-5.4.1-all/3221gyojl5jsh0helicew7rwx/gradle-5.4.1/lib/gradle-installation-beacon-5.4.1.jar
7fa1dc1fe000-7fa1dc200000 r--s 00006000 08:01 5778572                    /home/vitor/.gradle/wrapper/dists/gradle-5.4.1-all/3221gyojl5jsh0helicew7rwx/gradle-5.4.1/lib/plugins/maven-repository-metadata-3.0.4.jar
7fa1dc200000-7fa1dc202000 r--s 0000c000 08:01 5778560                    /home/vitor/.gradle/wrapper/dists/gradle-5.4.1-all/3221gyojl5jsh0helicew7rwx/gradle-5.4.1/lib/plugins/maven-aether-provider-3.0.4.jar
7fa1dc202000-7fa1dc203000 r--s 00003000 08:01 5778562                    /home/vitor/.gradle/wrapper/dists/gradle-5.4.1-all/3221gyojl5jsh0helicew7rwx/gradle-5.4.1/lib/plugins/aether-spi-1.13.1.jar
7fa1dc203000-7fa1dc206000 r--s 0001d000 08:01 5778561                    /home/vitor/.gradle/wrapper/dists/gradle-5.4.1-all/3221gyojl5jsh0helicew7rwx/gradle-5.4.1/lib/plugins/aether-impl-1.13.1.jar
7fa1dc206000-7fa1dc20a000 r--s 0001c000 08:01 5778563                    /home/vitor/.gradle/wrapper/dists/gradle-5.4.1-all/3221gyojl5jsh0helicew7rwx/gradle-5.4.1/lib/plugins/aether-util-1.13.1.jar
7fa1dc20a000-7fa1dc20d000 r--s 00013000 08:01 5778564                    /home/vitor/.gradle/wrapper/dists/gradle-5.4.1-all/3221gyojl5jsh0helicew7rwx/gradle-5.4.1/lib/plugins/aether-api-1.13.1.jar
7fa1dc20d000-7fa1dc20f000 r--s 0000b000 08:01 5778569                    /home/vitor/.gradle/wrapper/dists/gradle-5.4.1-all/3221gyojl5jsh0helicew7rwx/gradle-5.4.1/lib/plugins/maven-artifact-3.0.4.jar
7fa1dc20f000-7fa1dc213000 r--s 00021000 08:01 5778570                    /home/vitor/.gradle/wrapper/dists/gradle-5.4.1-all/3221gyojl5jsh0helicew7rwx/gradle-5.4.1/lib/plugins/maven-model-builder-3.0.4.jar
7fa1dc213000-7fa1dc215000 r--s 00026000 08:01 5778571                    /home/vitor/.gradle/wrapper/dists/gradle-5.4.1-all/3221gyojl5jsh0helicew7rwx/gradle-5.4.1/lib/plugins/maven-model-3.0.4.jar
7fa1dc215000-7fa1dc217000 r--s 0000a000 08:01 5778574                    /home/vitor/.gradle/wrapper/dists/gradle-5.4.1-all/3221gyojl5jsh0helicew7rwx/gradle-5.4.1/lib/plugins/maven-settings-3.0.4.jar
7fa1dc217000-7fa1dc219000 r--s 00002000 08:01 5778576                    /home/vitor/.gradle/wrapper/dists/gradle-5.4.1-all/3221gyojl5jsh0helicew7rwx/gradle-5.4.1/lib/plugins/plexus-cipher-1.7.jar
7fa1dc219000-7fa1dc21a000 r--s 00006000 08:01 5778575                    /home/vitor/.gradle/wrapper/dists/gradle-5.4.1-all/3221gyojl5jsh0helicew7rwx/gradle-5.4.1/lib/plugins/plexus-sec-dispatcher-1.3.jar
7fa1dc21a000-7fa1dc21c000 r--s 00000000 08:01 5778578                    /home/vitor/.gradle/wrapper/dists/gradle-5.4.1-all/3221gyojl5jsh0helicew7rwx/gradle-5.4.1/lib/plugins/plexus-component-annotations-1.5.5.jar
7fa1dc21c000-7fa1dc21e000 r--s 0000d000 08:01 5778579                    /home/vitor/.gradle/wrapper/dists/gradle-5.4.1-all/3221gyojl5jsh0helicew7rwx/gradle-5.4.1/lib/plugins/plexus-interpolation-1.14.jar
7fa1dc21e000-7fa1dc222000 r--s 0003c000 08:01 5778581                    /home/vitor/.gradle/wrapper/dists/gradle-5.4.1-all/3221gyojl5jsh0helicew7rwx/gradle-5.4.1/lib/plugins/plexus-utils-3.1.0.jar
7fa1dc222000-7fa1dc225000 r--s 00008000 08:01 5778573                    /home/vitor/.gradle/wrapper/dists/gradle-5.4.1-all/3221gyojl5jsh0helicew7rwx/gradle-5.4.1/lib/plugins/maven-settings-builder-3.0.4.jar
7fa1dc225000-7fa1dc231000 r--s 0007d000 08:01 5778531                    /home/vitor/.gradle/wrapper/dists/gradle-5.4.1-all/3221gyojl5jsh0helicew7rwx/gradle-5.4.1/lib/plugins/maven-core-3.0.4.jar
7fa1dc231000-7fa1dc246000 r--s 00116000 08:01 5778529                    /home/vitor/.gradle/wrapper/dists/gradle-5.4.1-all/3221gyojl5jsh0helicew7rwx/gradle-5.4.1/lib/plugins/ivy-2.3.0.jar
7fa1dc246000-7fa1dc24b000 r--s 00036000 08:01 5778539                    /home/vitor/.gradle/wrapper/dists/gradle-5.4.1-all/3221gyojl5jsh0helicew7rwx/gradle-5.4.1/lib/plugins/gson-2.8.5.jar
7fa1dc24b000-7fa1dc2aa000 r--s 003f7000 08:01 5778559                    /home/vitor/.gradle/wrapper/dists/gradle-5.4.1-all/3221gyojl5jsh0helicew7rwx/gradle-5.4.1/lib/plugins/bcprov-jdk15on-1.61.jar
7fa1dc2aa000-7fa1dc2ab000 r--s 00013000 08:01 5778527                    /home/vitor/.gradle/wrapper/dists/gradle-5.4.1-all/3221gyojl5jsh0helicew7rwx/gradle-5.4.1/lib/plugins/asm-util-7.0.jar
7fa1dc2ab000-7fa1dc2de000 r--s 001c3000 08:01 5778502                    /home/vitor/.gradle/wrapper/dists/gradle-5.4.1-all/3221gyojl5jsh0helicew7rwx/gradle-5.4.1/lib/plugins/gradle-dependency-management-5.4.1.jar
7fa1dc2de000-7fa1dc2e1000 r--s 0000e000 08:01 5778513                    /home/vitor/.gradle/wrapper/dists/gradle-5.4.1-all/3221gyojl5jsh0helicew7rwx/gradle-5.4.1/lib/plugins/gradle-workers-5.4.1.jar
7fa1dc2e1000-7fa1dc2e7000 r-xp 00000000 08:01 5779263                    /home/vitor/.gradle/native/29/linux-amd64/libnative-platform.so
7fa1dc2e7000-7fa1dc4e6000 ---p 00006000 08:01 5779263                    /home/vitor/.gradle/native/29/linux-amd64/libnative-platform.so
7fa1dc4e6000-7fa1dc4e7000 rw-p 00005000 08:01 5779263                    /home/vitor/.gradle/native/29/linux-amd64/libnative-platform.so
7fa1dc4e7000-7fa1dc4f8000 r-xp 00000000 08:01 3412653                    /usr/lib/jvm/java-8-openjdk-amd64/jre/lib/amd64/libnio.so
7fa1dc4f8000-7fa1dc6f7000 ---p 00011000 08:01 3412653                    /usr/lib/jvm/java-8-openjdk-amd64/jre/lib/amd64/libnio.so
7fa1dc6f7000-7fa1dc6f8000 r--p 00010000 08:01 3412653                    /usr/lib/jvm/java-8-openjdk-amd64/jre/lib/amd64/libnio.so
7fa1dc6f8000-7fa1dc6f9000 rw-p 00011000 08:01 3412653                    /usr/lib/jvm/java-8-openjdk-amd64/jre/lib/amd64/libnio.so
7fa1dc6f9000-7fa1dc70f000 r-xp 00000000 08:01 3412652                    /usr/lib/jvm/java-8-openjdk-amd64/jre/lib/amd64/libnet.so
7fa1dc70f000-7fa1dc90e000 ---p 00016000 08:01 3412652                    /usr/lib/jvm/java-8-openjdk-amd64/jre/lib/amd64/libnet.so
7fa1dc90e000-7fa1dc90f000 r--p 00015000 08:01 3412652                    /usr/lib/jvm/java-8-openjdk-amd64/jre/lib/amd64/libnet.so
7fa1dc90f000-7fa1dc910000 rw-p 00016000 08:01 3412652                    /usr/lib/jvm/java-8-openjdk-amd64/jre/lib/amd64/libnet.so
7fa1dc910000-7fa1dc912000 r--s 00006000 08:01 5778388                    /home/vitor/.gradle/wrapper/dists/gradle-5.4.1-all/3221gyojl5jsh0helicew7rwx/gradle-5.4.1/lib/gradle-wrapper-5.4.1.jar
7fa1dc912000-7fa1dc921000 r--s 0004c000 08:01 5778387                    /home/vitor/.gradle/wrapper/dists/gradle-5.4.1-all/3221gyojl5jsh0helicew7rwx/gradle-5.4.1/lib/gradle-tooling-api-5.4.1.jar
7fa1dc921000-7fa1dc92c000 r--s 00081000 08:01 5778446                    /home/vitor/.gradle/wrapper/dists/gradle-5.4.1-all/3221gyojl5jsh0helicew7rwx/gradle-5.4.1/lib/trove4j-1.0.20181211.jar
7fa1dc92c000-7fa1dc92e000 r--s 00009000 08:01 5778445                    /home/vitor/.gradle/wrapper/dists/gradle-5.4.1-all/3221gyojl5jsh0helicew7rwx/gradle-5.4.1/lib/kotlin-script-runtime-1.3.21.jar
7fa1dc92e000-7fa1dc965000 r--s 00255000 08:01 5778439                    /home/vitor/.gradle/wrapper/dists/gradle-5.4.1-all/3221gyojl5jsh0helicew7rwx/gradle-5.4.1/lib/kotlin-reflect-1.3.21.jar
7fa1dc965000-7fa1dcb44000 r--s 01b1b000 08:01 5778412                    /home/vitor/.gradle/wrapper/dists/gradle-5.4.1-all/3221gyojl5jsh0helicew7rwx/gradle-5.4.1/lib/kotlin-compiler-embeddable-1.3.21-patched-for-gradle-5.4.1.jar
7fa1dcb44000-7fa1dcb45000 r--s 00001000 08:01 5778423                    /home/vitor/.gradle/wrapper/dists/gradle-5.4.1-all/3221gyojl5jsh0helicew7rwx/gradle-5.4.1/lib/gradle-kotlin-dsl-tooling-models-5.4.1.jar
7fa1dcb45000-7fa1dcb53000 r--s 00236000 08:01 5778426                    /home/vitor/.gradle/wrapper/dists/gradle-5.4.1-all/3221gyojl5jsh0helicew7rwx/gradle-5.4.1/lib/kotlinx-metadata-jvm-0.0.5.jar
7fa1dcb53000-7fa1dcb54000 r--s 00002000 08:01 5778425                    /home/vitor/.gradle/wrapper/dists/gradle-5.4.1-all/3221gyojl5jsh0helicew7rwx/gradle-5.4.1/lib/kotlin-sam-with-receiver-compiler-plugin-1.3.21.jar
7fa1dcb54000-7fa1dcb55000 r--s 00000000 08:01 5778440                    /home/vitor/.gradle/wrapper/dists/gradle-5.4.1-all/3221gyojl5jsh0helicew7rwx/gradle-5.4.1/lib/kotlin-stdlib-jdk7-1.3.21.jar
7fa1dcb55000-7fa1dcb57000 r--s 00003000 08:01 5778442                    /home/vitor/.gradle/wrapper/dists/gradle-5.4.1-all/3221gyojl5jsh0helicew7rwx/gradle-5.4.1/lib/annotations-13.0.jar
7fa1dcb57000-7fa1dcb5e000 r--s 0001f000 08:01 5778462                    /home/vitor/.gradle/wrapper/dists/gradle-5.4.1-all/3221gyojl5jsh0helicew7rwx/gradle-5.4.1/lib/kotlin-stdlib-common-1.3.21.jar
7fa1dcb5e000-7fa1dcb71000 r--s 0010f000 08:01 5778441                    /home/vitor/.gradle/wrapper/dists/gradle-5.4.1-all/3221gyojl5jsh0helicew7rwx/gradle-5.4.1/lib/kotlin-stdlib-1.3.21.jar
7fa1dcb71000-7fa1dcb73000 r--s 00002000 08:01 5778424                    /home/vitor/.gradle/wrapper/dists/gradle-5.4.1-all/3221gyojl5jsh0helicew7rwx/gradle-5.4.1/lib/kotlin-stdlib-jdk8-1.3.21.jar
7fa1dcb73000-7fa1dcb8e000 r--s 0015d000 08:01 5778390                    /home/vitor/.gradle/wrapper/dists/gradle-5.4.1-all/3221gyojl5jsh0helicew7rwx/gradle-5.4.1/lib/gradle-kotlin-dsl-5.4.1.jar
7fa1dcb8e000-7fa1dcb92000 r--s 00013000 08:01 5778395                    /home/vitor/.gradle/wrapper/dists/gradle-5.4.1-all/3221gyojl5jsh0helicew7rwx/gradle-5.4.1/lib/gradle-build-cache-5.4.1.jar
7fa1dcb92000-7fa1dcb94000 r--s 00006000 08:01 5778394                    /home/vitor/.gradle/wrapper/dists/gradle-5.4.1-all/3221gyojl5jsh0helicew7rwx/gradle-5.4.1/lib/gradle-build-cache-packaging-5.4.1.jar
7fa1dcb94000-7fa1dcb99000 r--s 0001f000 08:01 5778393                    /home/vitor/.gradle/wrapper/dists/gradle-5.4.1-all/3221gyojl5jsh0helicew7rwx/gradle-5.4.1/lib/gradle-execution-5.4.1.jar
7fa1dcb99000-7fa1dcb9d000 r--s 0001a000 08:01 5778397                    /home/vitor/.gradle/wrapper/dists/gradle-5.4.1-all/3221gyojl5jsh0helicew7rwx/gradle-5.4.1/lib/gradle-files-5.4.1.jar
7fa1dcb9d000-7fa1dcba2000 r--s 00026000 08:01 5778396                    /home/vitor/.gradle/wrapper/dists/gradle-5.4.1-all/3221gyojl5jsh0helicew7rwx/gradle-5.4.1/lib/gradle-snapshots-5.4.1.jar
7fa1dcba2000-7fa1dcba7000 r--s 00015000 08:01 5778404                    /home/vitor/.gradle/wrapper/dists/gradle-5.4.1-all/3221gyojl5jsh0helicew7rwx/gradle-5.4.1/lib/gradle-resources-5.4.1.jar
7fa1dcba7000-7fa1dcbae000 r--s 00036000 08:01 5778401                    /home/vitor/.gradle/wrapper/dists/gradle-5.4.1-all/3221gyojl5jsh0helicew7rwx/gradle-5.4.1/lib/gradle-persistent-cache-5.4.1.jar
7fa1dcbae000-7fa1dcbaf000 r--s 00003000 08:01 5778409                    /home/vitor/.gradle/wrapper/dists/gradle-5.4.1-all/3221gyojl5jsh0helicew7rwx/gradle-5.4.1/lib/gradle-build-option-5.4.1.jar
7fa1dcbaf000-7fa1dcbb1000 r--s 00005000 08:01 5778410                    /home/vitor/.gradle/wrapper/dists/gradle-5.4.1-all/3221gyojl5jsh0helicew7rwx/gradle-5.4.1/lib/gradle-cli-5.4.1.jar
7fa1dcbb1000-7fa1dcbb3000 r--s 00004000 08:01 5778421                    /home/vitor/.gradle/wrapper/dists/gradle-5.4.1-all/3221gyojl5jsh0helicew7rwx/gradle-5.4.1/lib/log4j-over-slf4j-1.7.25.jar
7fa1dcbb3000-7fa1dcbb5000 r--s 00000000 08:01 5778420                    /home/vitor/.gradle/wrapper/dists/gradle-5.4.1-all/3221gyojl5jsh0helicew7rwx/gradle-5.4.1/lib/jul-to-slf4j-1.7.25.jar
7fa1dcbb5000-7fa1dcbb7000 r--s 00003000 08:01 5778419                    /home/vitor/.gradle/wrapper/dists/gradle-5.4.1-all/3221gyojl5jsh0helicew7rwx/gradle-5.4.1/lib/jcl-over-slf4j-1.7.25.jar
7fa1dcbb7000-7fa1dcbbf000 r--s 00038000 08:01 5778402                    /home/vitor/.gradle/wrapper/dists/gradle-5.4.1-all/3221gyojl5jsh0helicew7rwx/gradle-5.4.1/lib/gradle-logging-5.4.1.jar
7fa1dcbbf000-7fa1dcbd4000 r--s 000c1000 08:01 5778399                    /home/vitor/.gradle/wrapper/dists/gradle-5.4.1-all/3221gyojl5jsh0helicew7rwx/gradle-5.4.1/lib/gradle-model-core-5.4.1.jar
7fa1dcbd4000-7fa1dcbd6000 r--s 00006000 08:01 5778406                    /home/vitor/.gradle/wrapper/dists/gradle-5.4.1-all/3221gyojl5jsh0helicew7rwx/gradle-5.4.1/lib/gradle-base-services-groovy-5.4.1.jar
7fa1dcbd6000-7fa1dcbd8000 r--s 00007000 08:01 5778398                    /home/vitor/.gradle/wrapper/dists/gradle-5.4.1-all/3221gyojl5jsh0helicew7rwx/gradle-5.4.1/lib/gradle-model-groovy-5.4.1.jar
7fa1dcbd8000-7fa1dcbd9000 r--s 00007000 08:01 5778411                    /home/vitor/.gradle/wrapper/dists/gradle-5.4.1-all/3221gyojl5jsh0helicew7rwx/gradle-5.4.1/lib/gradle-docs-5.4.1.jar
7fa1dcbd9000-7fa1dcbe2000 r--s 0002d000 08:01 5778435                    /home/vitor/.gradle/wrapper/dists/gradle-5.4.1-all/3221gyojl5jsh0helicew7rwx/gradle-5.4.1/lib/xml-apis-1.4.01.jar
7fa1dcbe2000-7fa1dcbe3000 r--s 00000000 08:01 5778432                    /home/vitor/.gradle/wrapper/dists/gradle-5.4.1-all/3221gyojl5jsh0helicew7rwx/gradle-5.4.1/lib/javax.inject-1.jar
7fa1dcbe3000-7fa1dcc68000 r--s 007a7000 08:01 5778430                    /home/vitor/.gradle/wrapper/dists/gradle-5.4.1-all/3221gyojl5jsh0helicew7rwx/gradle-5.4.1/lib/groovy-all-1.0-2.5.4.jar
7fa1dcc68000-7fa1dcc73000 r--s 00086000 08:01 5778434                    /home/vitor/.gradle/wrapper/dists/gradle-5.4.1-all/3221gyojl5jsh0helicew7rwx/gradle-5.4.1/lib/commons-compress-1.18.jar
7fa1dcc73000-7fa1dcc75000 r--s 00007000 08:01 5778414                    /home/vitor/.gradle/wrapper/dists/gradle-5.4.1-all/3221gyojl5jsh0helicew7rwx/gradle-5.4.1/lib/asm-analysis-7.0.jar
7fa1dcc75000-7fa1dcc77000 r--s 0000b000 08:01 5778415                    /home/vitor/.gradle/wrapper/dists/gradle-5.4.1-all/3221gyojl5jsh0helicew7rwx/gradle-5.4.1/lib/asm-tree-7.0.jar
7fa1dcc77000-7fa1dcc79000 r--s 00012000 08:01 5778413                    /home/vitor/.gradle/wrapper/dists/gradle-5.4.1-all/3221gyojl5jsh0helicew7rwx/gradle-5.4.1/lib/asm-commons-7.0.jar
7fa1dcc79000-7fa1dcc7a000 r--s 00004000 08:01 5778447                    /home/vitor/.gradle/wrapper/dists/gradle-5.4.1-all/3221gyojl5jsh0helicew7rwx/gradle-5.4.1/lib/native-platform-freebsd-amd64-libcpp-0.17.jar
7fa1dcc7a000-7fa1dcc7b000 r--s 00004000 08:01 5778448                    /home/vitor/.gradle/wrapper/dists/gradle-5.4.1-all/3221gyojl5jsh0helicew7rwx/gradle-5.4.1/lib/native-platform-freebsd-amd64-libstdcpp-0.17.jar
7fa1dcc7b000-7fa1dcc7c000 r--s 00004000 08:01 5778449                    /home/vitor/.gradle/wrapper/dists/gradle-5.4.1-all/3221gyojl5jsh0helicew7rwx/gradle-5.4.1/lib/native-platform-freebsd-i386-libcpp-0.17.jar
7fa1dcc7c000-7fa1dcc7d000 r--s 00004000 08:01 5778450                    /home/vitor/.gradle/wrapper/dists/gradle-5.4.1-all/3221gyojl5jsh0helicew7rwx/gradle-5.4.1/lib/native-platform-freebsd-i386-libstdcpp-0.17.jar
7fa1dcc7d000-7fa1dcc7e000 r--s 00002000 08:01 5778451                    /home/vitor/.gradle/wrapper/dists/gradle-5.4.1-all/3221gyojl5jsh0helicew7rwx/gradle-5.4.1/lib/native-platform-linux-amd64-0.17.jar
7fa1dcc7e000-7fa1dcc7f000 r--s 00002000 08:01 5778452                    /home/vitor/.gradle/wrapper/dists/gradle-5.4.1-all/3221gyojl5jsh0helicew7rwx/gradle-5.4.1/lib/native-platform-linux-i386-0.17.jar
7fa1dcc7f000-7fa1dcc80000 r--s 00003000 08:01 5778453                    /home/vitor/.gradle/wrapper/dists/gradle-5.4.1-all/3221gyojl5jsh0helicew7rwx/gradle-5.4.1/lib/native-platform-osx-amd64-0.17.jar
7fa1dcc80000-7fa1dcc81000 r--s 00010000 08:01 5778454                    /home/vitor/.gradle/wrapper/dists/gradle-5.4.1-all/3221gyojl5jsh0helicew7rwx/gradle-5.4.1/lib/native-platform-windows-amd64-0.17.jar
7fa1dcc81000-7fa1dcc82000 r--s 00010000 08:01 5778455                    /home/vitor/.gradle/wrapper/dists/gradle-5.4.1-all/3221gyojl5jsh0helicew7rwx/gradle-5.4.1/lib/native-platform-windows-amd64-min-0.17.jar
7fa1dcc82000-7fa1dcc83000 r--s 0000e000 08:01 5778456                    /home/vitor/.gradle/wrapper/dists/gradle-5.4.1-all/3221gyojl5jsh0helicew7rwx/gradle-5.4.1/lib/native-platform-windows-i386-0.17.jar
7fa1dcc83000-7fa1dcc84000 r--s 0000e000 08:01 5778457                    /home/vitor/.gradle/wrapper/dists/gradle-5.4.1-all/3221gyojl5jsh0helicew7rwx/gradle-5.4.1/lib/native-platform-windows-i386-min-0.17.jar
7fa1dcc84000-7fa1dcc86000 r--s 00001000 08:01 5778458                    /home/vitor/.gradle/wrapper/dists/gradle-5.4.1-all/3221gyojl5jsh0helicew7rwx/gradle-5.4.1/lib/native-platform-linux-amd64-ncurses5-0.17.jar
7fa1dcc86000-7fa1dcc87000 r--s 00001000 08:01 5778459                    /home/vitor/.gradle/wrapper/dists/gradle-5.4.1-all/3221gyojl5jsh0helicew7rwx/gradle-5.4.1/lib/native-platform-linux-amd64-ncurses6-0.17.jar
7fa1dcc87000-7fa1dcc88000 r--s 00001000 08:01 5778460                    /home/vitor/.gradle/wrapper/dists/gradle-5.4.1-all/3221gyojl5jsh0helicew7rwx/gradle-5.4.1/lib/native-platform-linux-i386-ncurses5-0.17.jar
7fa1dcc88000-7fa1dcc8d000 r--s 0001a000 08:01 5778433                    /home/vitor/.gradle/wrapper/dists/gradle-5.4.1-all/3221gyojl5jsh0helicew7rwx/gradle-5.4.1/lib/native-platform-0.17.jar
7fa1dcc8d000-7fa1dcc91000 r--s 00042000 08:01 5778436                    /home/vitor/.gradle/wrapper/dists/gradle-5.4.1-all/3221gyojl5jsh0helicew7rwx/gradle-5.4.1/lib/jansi-1.17.1.jar
7fa1dcc91000-7fa1dcc95000 r--s 0000c000 08:01 5778405                    /home/vitor/.gradle/wrapper/dists/gradle-5.4.1-all/3221gyojl5jsh0helicew7rwx/gradle-5.4.1/lib/gradle-native-5.4.1.jar
7fa1dcc95000-7fa1dcc97000 r--s 0000c000 08:01 5778438                    /home/vitor/.gradle/wrapper/dists/gradle-5.4.1-all/3221gyojl5jsh0helicew7rwx/gradle-5.4.1/lib/objenesis-2.6.jar
7fa1dcc97000-7fa1dcc99000 r--s 00000000 08:01 5778444                    /home/vitor/.gradle/wrapper/dists/gradle-5.4.1-all/3221gyojl5jsh0helicew7rwx/gradle-5.4.1/lib/minlog-1.2.jar
7fa1dcc99000-7fa1dcc9f000 r--s 0004d000 08:01 5778437                    /home/vitor/.gradle/wrapper/dists/gradle-5.4.1-all/3221gyojl5jsh0helicew7rwx/gradle-5.4.1/lib/kryo-2.24.0.jar
7fa1dcc9f000-7fa1dcca6000 r--s 00030000 08:01 5778407                    /home/vitor/.gradle/wrapper/dists/gradle-5.4.1-all/3221gyojl5jsh0helicew7rwx/gradle-5.4.1/lib/gradle-messaging-5.4.1.jar
7fa1dcca6000-7fa1dcca8000 r--s 00006000 08:01 5778403                    /home/vitor/.gradle/wrapper/dists/gradle-5.4.1-all/3221gyojl5jsh0helicew7rwx/gradle-5.4.1/lib/gradle-process-services-5.4.1.jar
7fa1dcca8000-7fa1dccaa000 r--s 00000000 08:01 5778392                    /home/vitor/.gradle/wrapper/dists/gradle-5.4.1-all/3221gyojl5jsh0helicew7rwx/gradle-5.4.1/lib/gradle-jvm-services-5.4.1.jar
7fa1dccaa000-7fa1dccac000 r--s 00003000 08:01 5778428                    /home/vitor/.gradle/wrapper/dists/gradle-5.4.1-all/3221gyojl5jsh0helicew7rwx/gradle-5.4.1/lib/jsr305-3.0.2.jar
7fa1dccac000-7fa1dccdc000 r--s 0024b000 08:01 5778427                    /home/vitor/.gradle/wrapper/dists/gradle-5.4.1-all/3221gyojl5jsh0helicew7rwx/gradle-5.4.1/lib/guava-26.0-android.jar
7fa1dccdc000-7fa1dccdf000 r--s 0001c000 08:01 5778429                    /home/vitor/.gradle/wrapper/dists/gradle-5.4.1-all/3221gyojl5jsh0helicew7rwx/gradle-5.4.1/lib/fastutil-8.2.1-min.jar
7fa1dccdf000-7fa1dcce4000 r--s 00041000 08:01 5778418                    /home/vitor/.gradle/wrapper/dists/gradle-5.4.1-all/3221gyojl5jsh0helicew7rwx/gradle-5.4.1/lib/commons-lang-2.6.jar
7fa1dcce4000-7fa1dcce8000 r--s 00031000 08:01 5778417                    /home/vitor/.gradle/wrapper/dists/gradle-5.4.1-all/3221gyojl5jsh0helicew7rwx/gradle-5.4.1/lib/commons-io-2.6.jar
7fa1dcce8000-7fa1dcd07000 r--s 001da000 08:01 5778431                    /home/vitor/.gradle/wrapper/dists/gradle-5.4.1-all/3221gyojl5jsh0helicew7rwx/gradle-5.4.1/lib/ant-1.9.13.jar
7fa1dcd07000-7fa1dcd43000 r--s 00203000 08:01 5778391                    /home/vitor/.gradle/wrapper/dists/gradle-5.4.1-all/3221gyojl5jsh0helicew7rwx/gradle-5.4.1/lib/gradle-core-5.4.1.jar
7fa1dcd43000-7fa1dcd52000 r--s 00043000 08:01 5778400                    /home/vitor/.gradle/wrapper/dists/gradle-5.4.1-all/3221gyojl5jsh0helicew7rwx/gradle-5.4.1/lib/gradle-core-api-5.4.1.jar
7fa1dcd52000-7fa1dcd5f000 r--s 00067000 08:01 5778408                    /home/vitor/.gradle/wrapper/dists/gradle-5.4.1-all/3221gyojl5jsh0helicew7rwx/gradle-5.4.1/lib/gradle-base-services-5.4.1.jar
7fa1dcd5f000-7fa1dcd7a000 r--s 001d6000 08:01 3412676                    /usr/lib/jvm/java-8-openjdk-amd64/jre/lib/ext/nashorn.jar
7fa1dcd7a000-7fa1dcd95000 r--s 00394000 08:01 3412671                    /usr/lib/jvm/java-8-openjdk-amd64/jre/lib/ext/cldrdata.jar
7fa1dcd95000-7fa1dcd96000 ---p 00000000 00:00 0 
7fa1dcd96000-7fa1dce96000 rw-p 00000000 00:00 0 
7fa1dce96000-7fa1dce99000 ---p 00000000 00:00 0 
7fa1dce99000-7fa1dcf97000 rw-p 00000000 00:00 0 
7fa1dcf97000-7fa1dcf98000 ---p 00000000 00:00 0 
7fa1dcf98000-7fa1dcf9b000 ---p 00000000 00:00 0 
7fa1dcf9b000-7fa1dd098000 rw-p 00000000 00:00 0 
7fa1dd098000-7fa1dd099000 ---p 00000000 00:00 0 
7fa1dd099000-7fa1dd09c000 ---p 00000000 00:00 0 
7fa1dd09c000-7fa1dd199000 rw-p 00000000 00:00 0 
7fa1dd199000-7fa1dd19a000 ---p 00000000 00:00 0 
7fa1dd19a000-7fa1dd19d000 ---p 00000000 00:00 0 
7fa1dd19d000-7fa1dd29a000 rw-p 00000000 00:00 0 
7fa1dd29a000-7fa1dd29d000 ---p 00000000 00:00 0 
7fa1dd29d000-7fa1dd39b000 rw-p 00000000 00:00 0 
7fa1dd39b000-7fa1ddd6a000 r--p 00000000 08:01 3152590                    /usr/lib/locale/locale-archive
7fa1ddd6a000-7fa1ddd6d000 ---p 00000000 00:00 0 
7fa1ddd6d000-7fa1dde6b000 rw-p 00000000 00:00 0 
7fa1dde6b000-7fa1dde6e000 ---p 00000000 00:00 0 
7fa1dde6e000-7fa1ddf6c000 rw-p 00000000 00:00 0 
7fa1ddf6c000-7fa1ddf6d000 ---p 00000000 00:00 0 
7fa1ddf6d000-7fa1e0000000 rw-p 00000000 00:00 0 
7fa1e0000000-7fa1e0021000 rw-p 00000000 00:00 0 
7fa1e0021000-7fa1e4000000 ---p 00000000 00:00 0 
7fa1e4000000-7fa1e400d000 r--s 0006d000 08:01 5778385                    /home/vitor/.gradle/wrapper/dists/gradle-5.4.1-all/3221gyojl5jsh0helicew7rwx/gradle-5.4.1/lib/gradle-launcher-5.4.1.jar
7fa1e400d000-7fa1e405b000 rw-p 00000000 00:00 0 
7fa1e405b000-7fa1e422b000 r--s 03c5c000 08:01 3412697                    /usr/lib/jvm/java-8-openjdk-amd64/jre/lib/rt.jar
7fa1e422b000-7fa1e4bfc000 rw-p 00000000 00:00 0 
7fa1e4bfc000-7fa1e4bfd000 ---p 00000000 00:00 0 
7fa1e4bfd000-7fa1e4cfd000 rw-p 00000000 00:00 0 
7fa1e4cfd000-7fa1e4cfe000 ---p 00000000 00:00 0 
7fa1e4cfe000-7fa1e4dfe000 rw-p 00000000 00:00 0 
7fa1e4dfe000-7fa1e4dff000 ---p 00000000 00:00 0 
7fa1e4dff000-7fa1e4eff000 rw-p 00000000 00:00 0 
7fa1e4eff000-7fa1e4f00000 ---p 00000000 00:00 0 
7fa1e4f00000-7fa1e5000000 rw-p 00000000 00:00 0 
7fa1e5000000-7fa1e5530000 rwxp 00000000 00:00 0 
7fa1e5530000-7fa1f4000000 ---p 00000000 00:00 0 
7fa1f4000000-7fa1f521a000 rw-p 00000000 00:00 0 
7fa1f521a000-7fa1f8000000 ---p 00000000 00:00 0 
7fa1f8000000-7fa1f8001000 r--s 00001000 08:01 5778461                    /home/vitor/.gradle/wrapper/dists/gradle-5.4.1-all/3221gyojl5jsh0helicew7rwx/gradle-5.4.1/lib/native-platform-linux-i386-ncurses6-0.17.jar
7fa1f8001000-7fa1f8003000 r--s 0001a000 08:01 5778416                    /home/vitor/.gradle/wrapper/dists/gradle-5.4.1-all/3221gyojl5jsh0helicew7rwx/gradle-5.4.1/lib/asm-7.0.jar
7fa1f8003000-7fa1f8005000 r--s 00009000 08:01 5778422                    /home/vitor/.gradle/wrapper/dists/gradle-5.4.1-all/3221gyojl5jsh0helicew7rwx/gradle-5.4.1/lib/slf4j-api-1.7.25.jar
7fa1f8005000-7fa1f8006000 r--s 00004000 08:01 5778443                    /home/vitor/.gradle/wrapper/dists/gradle-5.4.1-all/3221gyojl5jsh0helicew7rwx/gradle-5.4.1/lib/ant-launcher-1.9.13.jar
7fa1f8006000-7fa1f8009000 r--s 00039000 08:01 3412679                    /usr/lib/jvm/java-8-openjdk-amd64/jre/lib/ext/sunpkcs11.jar
7fa1f8009000-7fa1f800e000 r--s 0003c000 08:01 3412678                    /usr/lib/jvm/java-8-openjdk-amd64/jre/lib/ext/sunjce_provider.jar
7fa1f800e000-7fa1f8085000 rw-p 00000000 00:00 0 
7fa1f8085000-7fa1f80d9000 ---p 00000000 00:00 0 
7fa1f80d9000-7fa1f812f000 rw-p 00000000 00:00 0 
7fa1f812f000-7fa1f8145000 rw-p 00000000 00:00 0 
7fa1f8145000-7fa1f84f0000 ---p 00000000 00:00 0 
7fa1f84f0000-7fa1f84f8000 r-xp 00000000 08:01 3412660                    /usr/lib/jvm/java-8-openjdk-amd64/jre/lib/amd64/libzip.so
7fa1f84f8000-7fa1f86f7000 ---p 00008000 08:01 3412660                    /usr/lib/jvm/java-8-openjdk-amd64/jre/lib/amd64/libzip.so
7fa1f86f7000-7fa1f86f8000 r--p 00007000 08:01 3412660                    /usr/lib/jvm/java-8-openjdk-amd64/jre/lib/amd64/libzip.so
7fa1f86f8000-7fa1f86f9000 rw-p 00008000 08:01 3412660                    /usr/lib/jvm/java-8-openjdk-amd64/jre/lib/amd64/libzip.so
7fa1f86f9000-7fa1f8704000 r-xp 00000000 08:01 5247781                    /lib/x86_64-linux-gnu/libnss_files-2.27.so
7fa1f8704000-7fa1f8903000 ---p 0000b000 08:01 5247781                    /lib/x86_64-linux-gnu/libnss_files-2.27.so
7fa1f8903000-7fa1f8904000 r--p 0000a000 08:01 5247781                    /lib/x86_64-linux-gnu/libnss_files-2.27.so
7fa1f8904000-7fa1f8905000 rw-p 0000b000 08:01 5247781                    /lib/x86_64-linux-gnu/libnss_files-2.27.so
7fa1f8905000-7fa1f890b000 rw-p 00000000 00:00 0 
7fa1f890b000-7fa1f8922000 r-xp 00000000 08:01 5247775                    /lib/x86_64-linux-gnu/libnsl-2.27.so
7fa1f8922000-7fa1f8b21000 ---p 00017000 08:01 5247775                    /lib/x86_64-linux-gnu/libnsl-2.27.so
7fa1f8b21000-7fa1f8b22000 r--p 00016000 08:01 5247775                    /lib/x86_64-linux-gnu/libnsl-2.27.so
7fa1f8b22000-7fa1f8b23000 rw-p 00017000 08:01 5247775                    /lib/x86_64-linux-gnu/libnsl-2.27.so
7fa1f8b23000-7fa1f8b25000 rw-p 00000000 00:00 0 
7fa1f8b25000-7fa1f8b30000 r-xp 00000000 08:01 5247792                    /lib/x86_64-linux-gnu/libnss_nis-2.27.so
7fa1f8b30000-7fa1f8d2f000 ---p 0000b000 08:01 5247792                    /lib/x86_64-linux-gnu/libnss_nis-2.27.so
7fa1f8d2f000-7fa1f8d30000 r--p 0000a000 08:01 5247792                    /lib/x86_64-linux-gnu/libnss_nis-2.27.so
7fa1f8d30000-7fa1f8d31000 rw-p 0000b000 08:01 5247792                    /lib/x86_64-linux-gnu/libnss_nis-2.27.so
7fa1f8d31000-7fa1f8d39000 r-xp 00000000 08:01 5247777                    /lib/x86_64-linux-gnu/libnss_compat-2.27.so
7fa1f8d39000-7fa1f8f39000 ---p 00008000 08:01 5247777                    /lib/x86_64-linux-gnu/libnss_compat-2.27.so
7fa1f8f39000-7fa1f8f3a000 r--p 00008000 08:01 5247777                    /lib/x86_64-linux-gnu/libnss_compat-2.27.so
7fa1f8f3a000-7fa1f8f3b000 rw-p 00009000 08:01 5247777                    /lib/x86_64-linux-gnu/libnss_compat-2.27.so
7fa1f8f3b000-7fa1f8f65000 r-xp 00000000 08:01 3412641                    /usr/lib/jvm/java-8-openjdk-amd64/jre/lib/amd64/libjava.so
7fa1f8f65000-7fa1f9164000 ---p 0002a000 08:01 3412641                    /usr/lib/jvm/java-8-openjdk-amd64/jre/lib/amd64/libjava.so
7fa1f9164000-7fa1f9165000 r--p 00029000 08:01 3412641                    /usr/lib/jvm/java-8-openjdk-amd64/jre/lib/amd64/libjava.so
7fa1f9165000-7fa1f9167000 rw-p 0002a000 08:01 3412641                    /usr/lib/jvm/java-8-openjdk-amd64/jre/lib/amd64/libjava.so
7fa1f9167000-7fa1f9177000 r-xp 00000000 08:01 3412659                    /usr/lib/jvm/java-8-openjdk-amd64/jre/lib/amd64/libverify.so
7fa1f9177000-7fa1f9376000 ---p 00010000 08:01 3412659                    /usr/lib/jvm/java-8-openjdk-amd64/jre/lib/amd64/libverify.so
7fa1f9376000-7fa1f9378000 r--p 0000f000 08:01 3412659                    /usr/lib/jvm/java-8-openjdk-amd64/jre/lib/amd64/libverify.so
7fa1f9378000-7fa1f9379000 rw-p 00011000 08:01 3412659                    /usr/lib/jvm/java-8-openjdk-amd64/jre/lib/amd64/libverify.so
7fa1f9379000-7fa1f9380000 r-xp 00000000 08:01 5247832                    /lib/x86_64-linux-gnu/librt-2.27.so
7fa1f9380000-7fa1f957f000 ---p 00007000 08:01 5247832                    /lib/x86_64-linux-gnu/librt-2.27.so
7fa1f957f000-7fa1f9580000 r--p 00006000 08:01 5247832                    /lib/x86_64-linux-gnu/librt-2.27.so
7fa1f9580000-7fa1f9581000 rw-p 00007000 08:01 5247832                    /lib/x86_64-linux-gnu/librt-2.27.so
7fa1f9581000-7fa1f9598000 r-xp 00000000 08:01 5242886                    /lib/x86_64-linux-gnu/libgcc_s.so.1
7fa1f9598000-7fa1f9797000 ---p 00017000 08:01 5242886                    /lib/x86_64-linux-gnu/libgcc_s.so.1
7fa1f9797000-7fa1f9798000 r--p 00016000 08:01 5242886                    /lib/x86_64-linux-gnu/libgcc_s.so.1
7fa1f9798000-7fa1f9799000 rw-p 00017000 08:01 5242886                    /lib/x86_64-linux-gnu/libgcc_s.so.1
7fa1f9799000-7fa1f9936000 r-xp 00000000 08:01 5247754                    /lib/x86_64-linux-gnu/libm-2.27.so
7fa1f9936000-7fa1f9b35000 ---p 0019d000 08:01 5247754                    /lib/x86_64-linux-gnu/libm-2.27.so
7fa1f9b35000-7fa1f9b36000 r--p 0019c000 08:01 5247754                    /lib/x86_64-linux-gnu/libm-2.27.so
7fa1f9b36000-7fa1f9b37000 rw-p 0019d000 08:01 5247754                    /lib/x86_64-linux-gnu/libm-2.27.so
7fa1f9b37000-7fa1f9cb0000 r-xp 00000000 08:01 3146605                    /usr/lib/x86_64-linux-gnu/libstdc++.so.6.0.25
7fa1f9cb0000-7fa1f9eb0000 ---p 00179000 08:01 3146605                    /usr/lib/x86_64-linux-gnu/libstdc++.so.6.0.25
7fa1f9eb0000-7fa1f9eba000 r--p 00179000 08:01 3146605                    /usr/lib/x86_64-linux-gnu/libstdc++.so.6.0.25
7fa1f9eba000-7fa1f9ebc000 rw-p 00183000 08:01 3146605                    /usr/lib/x86_64-linux-gnu/libstdc++.so.6.0.25
7fa1f9ebc000-7fa1f9ec0000 rw-p 00000000 00:00 0 
7fa1f9ec0000-7fa1fab5f000 r-xp 00000000 08:01 3412662                    /usr/lib/jvm/java-8-openjdk-amd64/jre/lib/amd64/server/libjvm.so
7fa1fab5f000-7fa1fad5f000 ---p 00c9f000 08:01 3412662                    /usr/lib/jvm/java-8-openjdk-amd64/jre/lib/amd64/server/libjvm.so
7fa1fad5f000-7fa1fadf3000 r--p 00c9f000 08:01 3412662                    /usr/lib/jvm/java-8-openjdk-amd64/jre/lib/amd64/server/libjvm.so
7fa1fadf3000-7fa1fae1c000 rw-p 00d33000 08:01 3412662                    /usr/lib/jvm/java-8-openjdk-amd64/jre/lib/amd64/server/libjvm.so
7fa1fae1c000-7fa1fae4c000 rw-p 00000000 00:00 0 
7fa1fae4c000-7fa1fae66000 r-xp 00000000 08:01 5247824                    /lib/x86_64-linux-gnu/libpthread-2.27.so
7fa1fae66000-7fa1fb065000 ---p 0001a000 08:01 5247824                    /lib/x86_64-linux-gnu/libpthread-2.27.so
7fa1fb065000-7fa1fb066000 r--p 00019000 08:01 5247824                    /lib/x86_64-linux-gnu/libpthread-2.27.so
7fa1fb066000-7fa1fb067000 rw-p 0001a000 08:01 5247824                    /lib/x86_64-linux-gnu/libpthread-2.27.so
7fa1fb067000-7fa1fb06b000 rw-p 00000000 00:00 0 
7fa1fb06b000-7fa1fb06e000 r-xp 00000000 08:01 5247714                    /lib/x86_64-linux-gnu/libdl-2.27.so
7fa1fb06e000-7fa1fb26d000 ---p 00003000 08:01 5247714                    /lib/x86_64-linux-gnu/libdl-2.27.so
7fa1fb26d000-7fa1fb26e000 r--p 00002000 08:01 5247714                    /lib/x86_64-linux-gnu/libdl-2.27.so
7fa1fb26e000-7fa1fb26f000 rw-p 00003000 08:01 5247714                    /lib/x86_64-linux-gnu/libdl-2.27.so
7fa1fb26f000-7fa1fb28b000 r-xp 00000000 08:01 5247863                    /lib/x86_64-linux-gnu/libz.so.1.2.11
7fa1fb28b000-7fa1fb48a000 ---p 0001c000 08:01 5247863                    /lib/x86_64-linux-gnu/libz.so.1.2.11
7fa1fb48a000-7fa1fb48b000 r--p 0001b000 08:01 5247863                    /lib/x86_64-linux-gnu/libz.so.1.2.11
7fa1fb48b000-7fa1fb48c000 rw-p 0001c000 08:01 5247863                    /lib/x86_64-linux-gnu/libz.so.1.2.11
7fa1fb48c000-7fa1fb673000 r-xp 00000000 08:01 5247691                    /lib/x86_64-linux-gnu/libc-2.27.so
7fa1fb673000-7fa1fb873000 ---p 001e7000 08:01 5247691                    /lib/x86_64-linux-gnu/libc-2.27.so
7fa1fb873000-7fa1fb877000 r--p 001e7000 08:01 5247691                    /lib/x86_64-linux-gnu/libc-2.27.so
7fa1fb877000-7fa1fb879000 rw-p 001eb000 08:01 5247691                    /lib/x86_64-linux-gnu/libc-2.27.so
7fa1fb879000-7fa1fb87d000 rw-p 00000000 00:00 0 
7fa1fb87d000-7fa1fb88b000 r-xp 00000000 08:01 3412627                    /usr/lib/jvm/java-8-openjdk-amd64/jre/lib/amd64/jli/libjli.so
7fa1fb88b000-7fa1fba8a000 ---p 0000e000 08:01 3412627                    /usr/lib/jvm/java-8-openjdk-amd64/jre/lib/amd64/jli/libjli.so
7fa1fba8a000-7fa1fba8b000 r--p 0000d000 08:01 3412627                    /usr/lib/jvm/java-8-openjdk-amd64/jre/lib/amd64/jli/libjli.so
7fa1fba8b000-7fa1fba8c000 rw-p 0000e000 08:01 3412627                    /usr/lib/jvm/java-8-openjdk-amd64/jre/lib/amd64/jli/libjli.so
7fa1fba8c000-7fa1fbab3000 r-xp 00000000 08:01 5247663                    /lib/x86_64-linux-gnu/ld-2.27.so
7fa1fbab3000-7fa1fbab5000 r--s 00007000 08:01 3546096                    /usr/share/java/java-atk-wrapper.jar
7fa1fbab5000-7fa1fbab6000 r--s 0000a000 08:01 3412674                    /usr/lib/jvm/java-8-openjdk-amd64/jre/lib/ext/jaccess.jar
7fa1fbab6000-7fa1fbac0000 r--s 00116000 08:01 3412675                    /usr/lib/jvm/java-8-openjdk-amd64/jre/lib/ext/localedata.jar
7fa1fbac0000-7fa1fbb3e000 rw-p 00000000 00:00 0 
7fa1fbb3e000-7fa1fbb93000 ---p 00000000 00:00 0 
7fa1fbb93000-7fa1fbb94000 ---p 00000000 00:00 0 
7fa1fbb94000-7fa1fbb97000 ---p 00000000 00:00 0 
7fa1fbb97000-7fa1fbc96000 rw-p 00000000 00:00 0 
7fa1fbc96000-7fa1fbc97000 r--s 00010000 08:01 3412680                    /usr/lib/jvm/java-8-openjdk-amd64/jre/lib/ext/zipfs.jar
7fa1fbc97000-7fa1fbc99000 r--s 00001000 08:01 3412672                    /usr/lib/jvm/java-8-openjdk-amd64/jre/lib/ext/dnsns.jar
7fa1fbc99000-7fa1fbc9c000 r--s 0000f000 08:01 3412673                    /usr/lib/jvm/java-8-openjdk-amd64/jre/lib/ext/icedtea-sound.jar
7fa1fbc9c000-7fa1fbc9d000 r--s 0000d000 08:01 3412677                    /usr/lib/jvm/java-8-openjdk-amd64/jre/lib/ext/sunec.jar
7fa1fbc9d000-7fa1fbca7000 rw-p 00000000 00:00 0 
7fa1fbca7000-7fa1fbcaf000 rw-s 00000000 08:01 799510                     /tmp/hsperfdata_vitor/9530
7fa1fbcaf000-7fa1fbcb0000 rw-p 00000000 00:00 0 
7fa1fbcb0000-7fa1fbcb1000 ---p 00000000 00:00 0 
7fa1fbcb1000-7fa1fbcb3000 rw-p 00000000 00:00 0 
7fa1fbcb3000-7fa1fbcb4000 r--p 00027000 08:01 5247663                    /lib/x86_64-linux-gnu/ld-2.27.so
7fa1fbcb4000-7fa1fbcb5000 rw-p 00028000 08:01 5247663                    /lib/x86_64-linux-gnu/ld-2.27.so
7fa1fbcb5000-7fa1fbcb6000 rw-p 00000000 00:00 0 
7ffd75b0e000-7ffd75b30000 rw-p 00000000 00:00 0                          [stack]
7ffd75b65000-7ffd75b68000 r--p 00000000 00:00 0                          [vvar]
7ffd75b68000-7ffd75b69000 r-xp 00000000 00:00 0                          [vdso]
ffffffffff600000-ffffffffff601000 r-xp 00000000 00:00 0                  [vsyscall]

VM Arguments:
jvm_args: -XX:MaxMetaspaceSize=256m -XX:+HeapDumpOnOutOfMemoryError -Xms256m -Xmx512m -Dfile.encoding=UTF-8 -Duser.country=BR -Duser.language=pt -Duser.variant 
java_command: org.gradle.launcher.daemon.bootstrap.GradleDaemon 5.4.1
java_class_path (initial): /home/vitor/.gradle/wrapper/dists/gradle-5.4.1-all/3221gyojl5jsh0helicew7rwx/gradle-5.4.1/lib/gradle-launcher-5.4.1.jar
Launcher Type: SUN_STANDARD

Environment Variables:
PATH=/tmp/yarn--1566758587682-0.7316204509272801:/home/vitor/Documentos/bootcamp/gobarber/mobile/node_modules/.bin:/home/vitor/.config/yarn/link/node_modules/.bin:/home/vitor/.yarn/bin:/home/vitor/.nvm/versions/node/v10.16.0/libexec/lib/node_modules/npm/bin/node-gyp-bin:/home/vitor/.nvm/versions/node/v10.16.0/lib/node_modules/npm/bin/node-gyp-bin:/home/vitor/.nvm/versions/node/v10.16.0/bin/node_modules/npm/bin/node-gyp-bin:/home/vitor/.nvm/versions/node/v10.16.0/bin:/usr/local/sbin:/usr/local/bin:/usr/sbin:/usr/bin:/sbin:/bin:/usr/games:/usr/local/games:/snap/bin:/home/vitor/Android/Sdk/tools:/home/vitor/Android/Sdk/platform-tools:/home/vitor/Android/Sdk/tools:/home/vitor/Android/Sdk/platform-tools:/home/vitor/Android/Sdk/tools:/home/vitor/Android/Sdk/platform-tools
USERNAME=vitor
SHELL=/usr/bin/zsh
DISPLAY=:0

Signal Handlers:
SIGSEGV: [libjvm.so+0xab92f0], sa_mask[0]=11111111011111111101111111111110, sa_flags=SA_RESTART|SA_SIGINFO
SIGBUS: [libjvm.so+0xab92f0], sa_mask[0]=11111111011111111101111111111110, sa_flags=SA_RESTART|SA_SIGINFO
SIGFPE: [libjvm.so+0x8ee560], sa_mask[0]=11111111011111111101111111111110, sa_flags=SA_RESTART|SA_SIGINFO
SIGPIPE: [libjvm.so+0x8ee560], sa_mask[0]=11111111011111111101111111111110, sa_flags=SA_RESTART|SA_SIGINFO
SIGXFSZ: [libjvm.so+0x8ee560], sa_mask[0]=11111111011111111101111111111110, sa_flags=SA_RESTART|SA_SIGINFO
SIGILL: [libjvm.so+0x8ee560], sa_mask[0]=11111111011111111101111111111110, sa_flags=SA_RESTART|SA_SIGINFO
SIGUSR1: SIG_DFL, sa_mask[0]=00000000000000000000000000000000, sa_flags=none
SIGUSR2: [libjvm.so+0x8ee410], sa_mask[0]=00100000000000000000000000000000, sa_flags=SA_RESTART|SA_SIGINFO
SIGHUP: [libjvm.so+0x8eea80], sa_mask[0]=11111111011111111101111111111110, sa_flags=SA_RESTART|SA_SIGINFO
SIGINT: [libjvm.so+0x8eea80], sa_mask[0]=11111111011111111101111111111110, sa_flags=SA_RESTART|SA_SIGINFO
SIGTERM: [libjvm.so+0x8eea80], sa_mask[0]=11111111011111111101111111111110, sa_flags=SA_RESTART|SA_SIGINFO
SIGQUIT: [libjvm.so+0x8eea80], sa_mask[0]=11111111011111111101111111111110, sa_flags=SA_RESTART|SA_SIGINFO


---------------  S Y S T E M  ---------------

OS:DISTRIB_ID=Ubuntu
DISTRIB_RELEASE=18.04
DISTRIB_CODENAME=bionic
DISTRIB_DESCRIPTION="Ubuntu 18.04.3 LTS"

uname:Linux 5.0.0-25-generic #26~18.04.1-Ubuntu SMP Thu Aug 1 13:51:02 UTC 2019 x86_64
libc:glibc 2.27 NPTL 2.27 
rlimit: STACK 8192k, CORE 0k, NPROC 31363, NOFILE 4096, AS infinity
load average:2,91 4,28 4,07

/proc/meminfo:
MemTotal:        8076848 kB
MemFree:          168576 kB
MemAvailable:     488456 kB
Buffers:           57376 kB
Cached:          1865040 kB
SwapCached:        13212 kB
Active:          4818336 kB
Inactive:        1143372 kB
Active(anon):    4564756 kB
Inactive(anon):   913008 kB
Active(file):     253580 kB
Inactive(file):   230364 kB
Unevictable:      201248 kB
Mlocked:              84 kB
SwapTotal:       2097148 kB
SwapFree:         622588 kB
Dirty:               596 kB
Writeback:            12 kB
AnonPages:       4237948 kB
Mapped:          2104616 kB
Shmem:           1451508 kB
KReclaimable:     113736 kB
Slab:             270100 kB
SReclaimable:     113736 kB
SUnreclaim:       156364 kB
KernelStack:       25648 kB
PageTables:       129012 kB
NFS_Unstable:          0 kB
Bounce:                0 kB
WritebackTmp:          0 kB
CommitLimit:     6135572 kB
Committed_AS:   21644156 kB
VmallocTotal:   34359738367 kB
VmallocUsed:           0 kB
VmallocChunk:          0 kB
Percpu:             4672 kB
HardwareCorrupted:     0 kB
AnonHugePages:         0 kB
ShmemHugePages:        0 kB
ShmemPmdMapped:        0 kB
CmaTotal:              0 kB
CmaFree:               0 kB
HugePages_Total:       0
HugePages_Free:        0
HugePages_Rsvd:        0
HugePages_Surp:        0
Hugepagesize:       2048 kB
Hugetlb:               0 kB
DirectMap4k:      389696 kB
DirectMap2M:     7911424 kB

container (cgroup) information:
container_type: cgroupv1
cpu_cpuset_cpus: 0-3
cpu_memory_nodes: 0
active_processor_count: 4
cpu_quota: -1
cpu_period: 100000
cpu_shares: -1
memory_limit_in_bytes: -1
memory_and_swap_limit_in_bytes: -2
memory_soft_limit_in_bytes: -1
memory_usage_in_bytes: 6492135424
memory_max_usage_in_bytes: 6603358208


CPU:total 4 (initial active 4) (2 cores per cpu, 2 threads per core) family 6 model 42 stepping 7, cmov, cx8, fxsr, mmx, sse, sse2, sse3, ssse3, sse4.1, sse4.2, popcnt, avx, aes, clmul, ht, tsc, tscinvbit

/proc/cpuinfo:
processor	: 0
vendor_id	: GenuineIntel
cpu family	: 6
model		: 42
model name	: Intel(R) Core(TM) i5-2410M CPU @ 2.30GHz
stepping	: 7
microcode	: 0x2f
cpu MHz		: 2611.574
cache size	: 3072 KB
physical id	: 0
siblings	: 4
core id		: 0
cpu cores	: 2
apicid		: 0
initial apicid	: 0
fpu		: yes
fpu_exception	: yes
cpuid level	: 13
wp		: yes
flags		: fpu vme de pse tsc msr pae mce cx8 apic sep mtrr pge mca cmov pat pse36 clflush dts acpi mmx fxsr sse sse2 ss ht tm pbe syscall nx rdtscp lm constant_tsc arch_perfmon pebs bts nopl xtopology nonstop_tsc cpuid aperfmperf pni pclmulqdq dtes64 monitor ds_cpl vmx est tm2 ssse3 cx16 xtpr pdcm pcid sse4_1 sse4_2 x2apic popcnt tsc_deadline_timer aes xsave avx lahf_lm epb pti ssbd ibrs ibpb stibp tpr_shadow vnmi flexpriority ept vpid xsaveopt dtherm ida arat pln pts md_clear flush_l1d
bugs		: cpu_meltdown spectre_v1 spectre_v2 spec_store_bypass l1tf mds swapgs
bogomips	: 4590.00
clflush size	: 64
cache_alignment	: 64
address sizes	: 36 bits physical, 48 bits virtual
power management:

processor	: 1
vendor_id	: GenuineIntel
cpu family	: 6
model		: 42
model name	: Intel(R) Core(TM) i5-2410M CPU @ 2.30GHz
stepping	: 7
microcode	: 0x2f
cpu MHz		: 2439.633
cache size	: 3072 KB
physical id	: 0
siblings	: 4
core id		: 0
cpu cores	: 2
apicid		: 1
initial apicid	: 1
fpu		: yes
fpu_exception	: yes
cpuid level	: 13
wp		: yes
flags		: fpu vme de pse tsc msr pae mce cx8 apic sep mtrr pge mca cmov pat pse36 clflush dts acpi mmx fxsr sse sse2 ss ht tm pbe syscall nx rdtscp lm constant_tsc arch_perfmon pebs bts nopl xtopology nonstop_tsc cpuid aperfmperf pni pclmulqdq dtes64 monitor ds_cpl vmx est tm2 ssse3 cx16 xtpr pdcm pcid sse4_1 sse4_2 x2apic popcnt tsc_deadline_timer aes xsave avx lahf_lm epb pti ssbd ibrs ibpb stibp tpr_shadow vnmi flexpriority ept vpid xsaveopt dtherm ida arat pln pts md_clear flush_l1d
bugs		: cpu_meltdown spectre_v1 spectre_v2 spec_store_bypass l1tf mds swapgs
bogomips	: 4590.00
clflush size	: 64
cache_alignment	: 64
address sizes	: 36 bits physical, 48 bits virtual
power management:

processor	: 2
vendor_id	: GenuineIntel
cpu family	: 6
model		: 42
model name	: Intel(R) Core(TM) i5-2410M CPU @ 2.30GHz
stepping	: 7
microcode	: 0x2f
cpu MHz		: 1467.210
cache size	: 3072 KB
physical id	: 0
siblings	: 4
core id		: 1
cpu cores	: 2
apicid		: 2
initial apicid	: 2
fpu		: yes
fpu_exception	: yes
cpuid level	: 13
wp		: yes
flags		: fpu vme de pse tsc msr pae mce cx8 apic sep mtrr pge mca cmov pat pse36 clflush dts acpi mmx fxsr sse sse2 ss ht tm pbe syscall nx rdtscp lm constant_tsc arch_perfmon pebs bts nopl xtopology nonstop_tsc cpuid aperfmperf pni pclmulqdq dtes64 monitor ds_cpl vmx est tm2 ssse3 cx16 xtpr pdcm pcid sse4_1 sse4_2 x2apic popcnt tsc_deadline_timer aes xsave avx lahf_lm epb pti ssbd ibrs ibpb stibp tpr_shadow vnmi flexpriority ept vpid xsaveopt dtherm ida arat pln pts md_clear flush_l1d
bugs		: cpu_meltdown spectre_v1 spectre_v2 spec_store_bypass l1tf mds swapgs
bogomips	: 4590.00
clflush size	: 64
cache_alignment	: 64
address sizes	: 36 bits physical, 48 bits virtual
power management:

processor	: 3
vendor_id	: GenuineIntel
cpu family	: 6
model		: 42
model name	: Intel(R) Core(TM) i5-2410M CPU @ 2.30GHz
stepping	: 7
microcode	: 0x2f
cpu MHz		: 1421.841
cache size	: 3072 KB
physical id	: 0
siblings	: 4
core id		: 1
cpu cores	: 2
apicid		: 3
initial apicid	: 3
fpu		: yes
fpu_exception	: yes
cpuid level	: 13
wp		: yes
flags		: fpu vme de pse tsc msr pae mce cx8 apic sep mtrr pge mca cmov pat pse36 clflush dts acpi mmx fxsr sse sse2 ss ht tm pbe syscall nx rdtscp lm constant_tsc arch_perfmon pebs bts nopl xtopology nonstop_tsc cpuid aperfmperf pni pclmulqdq dtes64 monitor ds_cpl vmx est tm2 ssse3 cx16 xtpr pdcm pcid sse4_1 sse4_2 x2apic popcnt tsc_deadline_timer aes xsave avx lahf_lm epb pti ssbd ibrs ibpb stibp tpr_shadow vnmi flexpriority ept vpid xsaveopt dtherm ida arat pln pts md_clear flush_l1d
bugs		: cpu_meltdown spectre_v1 spectre_v2 spec_store_bypass l1tf mds swapgs
bogomips	: 4590.00
clflush size	: 64
cache_alignment	: 64
address sizes	: 36 bits physical, 48 bits virtual
power management:



Memory: 4k page, physical 8076848k(169212k free), swap 2097148k(622588k free)

vm_info: OpenJDK 64-Bit Server VM (25.222-b10) for linux-amd64 JRE (1.8.0_222-8u222-b10-1ubuntu1~18.04.1-b10), built on Jul 18 2019 18:52:48 by "buildd" with gcc 7.4.0

time: Sun Aug 25 15:43:16 2019
timezone: -03
elapsed time: 3 seconds (0d 0h 0m 3s)

